<?xml version="1.0" encoding="UTF-8"?>
<robot generator="Robot 3.2.2 (Python 3.8.5 on win32)" generated="20210114 21:49:53.368" rpa="false">
<suite id="s1" name="Complex Tests With Library" source="C:\Users\op671200\Documents\GitHub\TestingToDoList\Tests\complex_tests_with_library.robot">
<test id="s1-t1" name="TC - Delete random item">
<kw name="Open Browser" library="complexTestsLibrary" type="setup">
<status status="PASS" starttime="20210114 21:49:53.737" endtime="20210114 21:50:02.428"></status>
</kw>
<kw name="Generate Random Sentences" library="complexTestsLibrary">
<arguments>
<arg>50</arg>
<arg>50 items left</arg>
</arguments>
<status status="PASS" starttime="20210114 21:50:02.429" endtime="20210114 21:50:05.468"></status>
</kw>
<kw name="Delete Random Element" library="complexTestsLibrary">
<arguments>
<arg>49 items left</arg>
</arguments>
<status status="PASS" starttime="20210114 21:50:05.469" endtime="20210114 21:50:06.063"></status>
</kw>
<kw name="Close Browser" library="complexTestsLibrary" type="teardown">
<status status="PASS" starttime="20210114 21:50:06.064" endtime="20210114 21:50:06.722"></status>
</kw>
<status status="PASS" starttime="20210114 21:49:53.736" endtime="20210114 21:50:06.723" critical="yes"></status>
</test>
<status status="PASS" starttime="20210114 21:49:53.372" endtime="20210114 21:50:06.725"></status>
</suite>
<statistics>
<total>
<stat pass="1" fail="0">Critical Tests</stat>
<stat pass="1" fail="0">All Tests</stat>
</total>
<tag>
</tag>
<suite>
<stat pass="1" fail="0" id="s1" name="Complex Tests With Library">Complex Tests With Library</stat>
</suite>
</statistics>
<errors>
</errors>
</robot>
