<?xml version="1.0" encoding="UTF-8"?>
<robot generator="Robot 3.2.2 (Python 3.8.5 on win32)" generated="20201213 15:15:05.320" rpa="false">
<suite id="s1" name="Tests" source="C:\Users\op671200\Documents\GitHub\TestingToDoList\Tests\tests.robot">
<test id="s1-t1" name="Test Case 1 - Add item to todos list">
<kw name="Open TODOS App" library="keywords">
<kw name="Open Browser" library="SeleniumLibrary">
<doc>Opens a new browser instance to the optional ``url``.</doc>
<arguments>
<arg>${TODOLIST_URL}</arg>
<arg>${BROWSER}</arg>
</arguments>
<msg timestamp="20201213 15:15:05.753" level="INFO">Opening browser 'headlessfirefox' to base url 'http://todomvc.com/examples/react/#/'.</msg>
<msg timestamp="20201213 15:15:05.820" level="INFO">Firefox driver log is always forced to to: C:\Users\op671200\Documents\GitHub\TestingToDoList\Tests\geckodriver-368.log</msg>
<status status="PASS" starttime="20201213 15:15:05.752" endtime="20201213 15:15:13.331"></status>
</kw>
<kw name="Wait Until Page Contains Element" library="SeleniumLibrary">
<doc>Waits until the element ``locator`` appears on the current page.</doc>
<arguments>
<arg>${PLACEHOLDER}</arg>
</arguments>
<status status="PASS" starttime="20201213 15:15:13.331" endtime="20201213 15:15:13.685"></status>
</kw>
<status status="PASS" starttime="20201213 15:15:05.752" endtime="20201213 15:15:13.685"></status>
</kw>
<kw name="Add item to TODOS App" library="keywords">
<kw name="Generate Random String" library="String">
<doc>Generates a string with a desired ``length`` from the given ``chars``.</doc>
<arguments>
<arg>12</arg>
</arguments>
<assign>
<var>${TASK}</var>
</assign>
<msg timestamp="20201213 15:15:13.686" level="INFO">${TASK} = Jpa629AulXQM</msg>
<status status="PASS" starttime="20201213 15:15:13.686" endtime="20201213 15:15:13.686"></status>
</kw>
<kw name="Input Text" library="SeleniumLibrary">
<doc>Types the given ``text`` into the text field identified by ``locator``.</doc>
<arguments>
<arg>${TEXT_FIELDS}</arg>
<arg>${TASK}</arg>
</arguments>
<msg timestamp="20201213 15:15:13.687" level="INFO">Typing text 'Jpa629AulXQM' into text field 'xpath://*[@class="new-todo"]'.</msg>
<status status="PASS" starttime="20201213 15:15:13.686" endtime="20201213 15:15:13.758"></status>
</kw>
<kw name="Press Keys" library="SeleniumLibrary">
<doc>Simulates the user pressing key(s) to an element or on the active browser.</doc>
<arguments>
<arg>${TEXT_FIELDS}</arg>
<arg>ENTER</arg>
</arguments>
<msg timestamp="20201213 15:15:13.758" level="INFO">Sending key(s) ('ENTER',) to xpath://*[@class="new-todo"] element.</msg>
<msg timestamp="20201213 15:15:14.044" level="INFO">Pressing special key ENTER to element.</msg>
<msg timestamp="20201213 15:15:14.044" level="INFO">Releasing special key ENTER.</msg>
<status status="PASS" starttime="20201213 15:15:13.758" endtime="20201213 15:15:14.078"></status>
</kw>
<kw name="Element Attribute Value Should Be" library="SeleniumLibrary">
<doc>Verifies element identified by ``locator`` contains expected attribute value.</doc>
<arguments>
<arg>${ACTUAL_TEXT}</arg>
<arg>value</arg>
<arg>${TASK}</arg>
</arguments>
<msg timestamp="20201213 15:15:14.101" level="INFO">Element 'xpath://*[@class="edit"]' attribute 'value' contains value 'Jpa629AulXQM'.</msg>
<status status="PASS" starttime="20201213 15:15:14.078" endtime="20201213 15:15:14.101"></status>
</kw>
<status status="PASS" starttime="20201213 15:15:13.686" endtime="20201213 15:15:14.101"></status>
</kw>
<kw name="Close All Browsers" library="SeleniumLibrary" type="teardown">
<doc>Closes all open browsers and resets the browser cache.</doc>
<status status="PASS" starttime="20201213 15:15:14.102" endtime="20201213 15:15:14.813"></status>
</kw>
<status status="PASS" starttime="20201213 15:15:05.751" endtime="20201213 15:15:14.813" critical="yes"></status>
</test>
<test id="s1-t2" name="Test Case 2 - Delete item from todos list">
<kw name="Open TODOS App" library="keywords">
<kw name="Open Browser" library="SeleniumLibrary">
<doc>Opens a new browser instance to the optional ``url``.</doc>
<arguments>
<arg>${TODOLIST_URL}</arg>
<arg>${BROWSER}</arg>
</arguments>
<msg timestamp="20201213 15:15:14.816" level="INFO">Opening browser 'headlessfirefox' to base url 'http://todomvc.com/examples/react/#/'.</msg>
<msg timestamp="20201213 15:15:14.882" level="INFO">Firefox driver log is always forced to to: C:\Users\op671200\Documents\GitHub\TestingToDoList\Tests\geckodriver-369.log</msg>
<status status="PASS" starttime="20201213 15:15:14.816" endtime="20201213 15:15:21.748"></status>
</kw>
<kw name="Wait Until Page Contains Element" library="SeleniumLibrary">
<doc>Waits until the element ``locator`` appears on the current page.</doc>
<arguments>
<arg>${PLACEHOLDER}</arg>
</arguments>
<status status="PASS" starttime="20201213 15:15:21.748" endtime="20201213 15:15:22.394"></status>
</kw>
<status status="PASS" starttime="20201213 15:15:14.816" endtime="20201213 15:15:22.394"></status>
</kw>
<kw name="Add item to TODOS App" library="keywords">
<kw name="Generate Random String" library="String">
<doc>Generates a string with a desired ``length`` from the given ``chars``.</doc>
<arguments>
<arg>12</arg>
</arguments>
<assign>
<var>${TASK}</var>
</assign>
<msg timestamp="20201213 15:15:22.395" level="INFO">${TASK} = NAD4vdFhC42m</msg>
<status status="PASS" starttime="20201213 15:15:22.395" endtime="20201213 15:15:22.396"></status>
</kw>
<kw name="Input Text" library="SeleniumLibrary">
<doc>Types the given ``text`` into the text field identified by ``locator``.</doc>
<arguments>
<arg>${TEXT_FIELDS}</arg>
<arg>${TASK}</arg>
</arguments>
<msg timestamp="20201213 15:15:22.396" level="INFO">Typing text 'NAD4vdFhC42m' into text field 'xpath://*[@class="new-todo"]'.</msg>
<status status="PASS" starttime="20201213 15:15:22.396" endtime="20201213 15:15:22.456"></status>
</kw>
<kw name="Press Keys" library="SeleniumLibrary">
<doc>Simulates the user pressing key(s) to an element or on the active browser.</doc>
<arguments>
<arg>${TEXT_FIELDS}</arg>
<arg>ENTER</arg>
</arguments>
<msg timestamp="20201213 15:15:22.457" level="INFO">Sending key(s) ('ENTER',) to xpath://*[@class="new-todo"] element.</msg>
<msg timestamp="20201213 15:15:22.741" level="INFO">Pressing special key ENTER to element.</msg>
<msg timestamp="20201213 15:15:22.741" level="INFO">Releasing special key ENTER.</msg>
<status status="PASS" starttime="20201213 15:15:22.456" endtime="20201213 15:15:22.774"></status>
</kw>
<kw name="Element Attribute Value Should Be" library="SeleniumLibrary">
<doc>Verifies element identified by ``locator`` contains expected attribute value.</doc>
<arguments>
<arg>${ACTUAL_TEXT}</arg>
<arg>value</arg>
<arg>${TASK}</arg>
</arguments>
<msg timestamp="20201213 15:15:22.802" level="INFO">Element 'xpath://*[@class="edit"]' attribute 'value' contains value 'NAD4vdFhC42m'.</msg>
<status status="PASS" starttime="20201213 15:15:22.774" endtime="20201213 15:15:22.802"></status>
</kw>
<status status="PASS" starttime="20201213 15:15:22.395" endtime="20201213 15:15:22.802"></status>
</kw>
<kw name="Mouse Over" library="SeleniumLibrary">
<doc>Simulates hovering the mouse over the element ``locator``.</doc>
<arguments>
<arg>${TODOS_TASK}</arg>
</arguments>
<msg timestamp="20201213 15:15:22.803" level="INFO">Simulating Mouse Over on element 'xpath://*[@class="todo-list"]'.</msg>
<status status="PASS" starttime="20201213 15:15:22.802" endtime="20201213 15:15:23.085"></status>
</kw>
<kw name="Click Element" library="SeleniumLibrary">
<doc>Click the element identified by ``locator``.</doc>
<arguments>
<arg>${CLOSE_BUTTON}</arg>
</arguments>
<msg timestamp="20201213 15:15:23.088" level="INFO">Clicking element 'xpath://*[@class="destroy"]'.</msg>
<status status="PASS" starttime="20201213 15:15:23.087" endtime="20201213 15:15:23.320"></status>
</kw>
<kw name="Page Should Not Contain Element" library="SeleniumLibrary">
<doc>Verifies that element ``locator`` is found on the current page.</doc>
<arguments>
<arg>${TODOS_LIST}</arg>
</arguments>
<msg timestamp="20201213 15:15:23.328" level="INFO">Current page does not contain element 'xpath://*[@class="main"]'.</msg>
<status status="PASS" starttime="20201213 15:15:23.321" endtime="20201213 15:15:23.328"></status>
</kw>
<kw name="Close All Browsers" library="SeleniumLibrary" type="teardown">
<doc>Closes all open browsers and resets the browser cache.</doc>
<status status="PASS" starttime="20201213 15:15:23.329" endtime="20201213 15:15:24.198"></status>
</kw>
<status status="PASS" starttime="20201213 15:15:14.815" endtime="20201213 15:15:24.198" critical="yes"></status>
</test>
<test id="s1-t3" name="Test Case 3 - Move item in todos to Complited">
<kw name="Open TODOS App" library="keywords">
<kw name="Open Browser" library="SeleniumLibrary">
<doc>Opens a new browser instance to the optional ``url``.</doc>
<arguments>
<arg>${TODOLIST_URL}</arg>
<arg>${BROWSER}</arg>
</arguments>
<msg timestamp="20201213 15:15:24.201" level="INFO">Opening browser 'headlessfirefox' to base url 'http://todomvc.com/examples/react/#/'.</msg>
<msg timestamp="20201213 15:15:24.276" level="INFO">Firefox driver log is always forced to to: C:\Users\op671200\Documents\GitHub\TestingToDoList\Tests\geckodriver-370.log</msg>
<status status="PASS" starttime="20201213 15:15:24.201" endtime="20201213 15:15:31.576"></status>
</kw>
<kw name="Wait Until Page Contains Element" library="SeleniumLibrary">
<doc>Waits until the element ``locator`` appears on the current page.</doc>
<arguments>
<arg>${PLACEHOLDER}</arg>
</arguments>
<status status="PASS" starttime="20201213 15:15:31.576" endtime="20201213 15:15:32.010"></status>
</kw>
<status status="PASS" starttime="20201213 15:15:24.201" endtime="20201213 15:15:32.010"></status>
</kw>
<kw name="Add item to TODOS App" library="keywords">
<kw name="Generate Random String" library="String">
<doc>Generates a string with a desired ``length`` from the given ``chars``.</doc>
<arguments>
<arg>12</arg>
</arguments>
<assign>
<var>${TASK}</var>
</assign>
<msg timestamp="20201213 15:15:32.012" level="INFO">${TASK} = RB9LHApDHtkf</msg>
<status status="PASS" starttime="20201213 15:15:32.011" endtime="20201213 15:15:32.012"></status>
</kw>
<kw name="Input Text" library="SeleniumLibrary">
<doc>Types the given ``text`` into the text field identified by ``locator``.</doc>
<arguments>
<arg>${TEXT_FIELDS}</arg>
<arg>${TASK}</arg>
</arguments>
<msg timestamp="20201213 15:15:32.012" level="INFO">Typing text 'RB9LHApDHtkf' into text field 'xpath://*[@class="new-todo"]'.</msg>
<status status="PASS" starttime="20201213 15:15:32.012" endtime="20201213 15:15:32.076"></status>
</kw>
<kw name="Press Keys" library="SeleniumLibrary">
<doc>Simulates the user pressing key(s) to an element or on the active browser.</doc>
<arguments>
<arg>${TEXT_FIELDS}</arg>
<arg>ENTER</arg>
</arguments>
<msg timestamp="20201213 15:15:32.077" level="INFO">Sending key(s) ('ENTER',) to xpath://*[@class="new-todo"] element.</msg>
<msg timestamp="20201213 15:15:32.358" level="INFO">Pressing special key ENTER to element.</msg>
<msg timestamp="20201213 15:15:32.358" level="INFO">Releasing special key ENTER.</msg>
<status status="PASS" starttime="20201213 15:15:32.076" endtime="20201213 15:15:32.385"></status>
</kw>
<kw name="Element Attribute Value Should Be" library="SeleniumLibrary">
<doc>Verifies element identified by ``locator`` contains expected attribute value.</doc>
<arguments>
<arg>${ACTUAL_TEXT}</arg>
<arg>value</arg>
<arg>${TASK}</arg>
</arguments>
<msg timestamp="20201213 15:15:32.406" level="INFO">Element 'xpath://*[@class="edit"]' attribute 'value' contains value 'RB9LHApDHtkf'.</msg>
<status status="PASS" starttime="20201213 15:15:32.385" endtime="20201213 15:15:32.406"></status>
</kw>
<status status="PASS" starttime="20201213 15:15:32.011" endtime="20201213 15:15:32.406"></status>
</kw>
<kw name="Move Active item to Completed" library="keywords">
<kw name="Mouse Over" library="SeleniumLibrary">
<doc>Simulates hovering the mouse over the element ``locator``.</doc>
<arguments>
<arg>${TODOS_TASK}</arg>
</arguments>
<msg timestamp="20201213 15:15:32.407" level="INFO">Simulating Mouse Over on element 'xpath://*[@class="todo-list"]'.</msg>
<status status="PASS" starttime="20201213 15:15:32.407" endtime="20201213 15:15:32.684"></status>
</kw>
<kw name="Select Checkbox" library="SeleniumLibrary">
<doc>Selects the checkbox identified by ``locator``.</doc>
<arguments>
<arg>${LIST_CHECKBOX}</arg>
</arguments>
<msg timestamp="20201213 15:15:32.684" level="INFO">Selecting checkbox 'xpath://*[@class="toggle"]'.</msg>
<status status="PASS" starttime="20201213 15:15:32.684" endtime="20201213 15:15:32.937"></status>
</kw>
<kw name="Page Should Contain Element" library="SeleniumLibrary">
<doc>Verifies that element ``locator`` is found on the current page.</doc>
<arguments>
<arg>${CLEAR_COMPLETED_LINK}</arg>
</arguments>
<msg timestamp="20201213 15:15:32.942" level="INFO">Current page contains element 'xpath://*[@class="clear-completed"]'.</msg>
<status status="PASS" starttime="20201213 15:15:32.937" endtime="20201213 15:15:32.942"></status>
</kw>
<kw name="Element Text Should Be" library="SeleniumLibrary">
<doc>Verifies that element ``locator`` contains exact the text ``expected``.</doc>
<arguments>
<arg>${CLEAR_COMPLETED_LINK}</arg>
<arg>Clear completed</arg>
</arguments>
<msg timestamp="20201213 15:15:32.943" level="INFO">Verifying element 'xpath://*[@class="clear-completed"]' contains exact text 'Clear completed'.</msg>
<status status="PASS" starttime="20201213 15:15:32.943" endtime="20201213 15:15:32.969"></status>
</kw>
<status status="PASS" starttime="20201213 15:15:32.407" endtime="20201213 15:15:32.970"></status>
</kw>
<kw name="Close All Browsers" library="SeleniumLibrary" type="teardown">
<doc>Closes all open browsers and resets the browser cache.</doc>
<status status="PASS" starttime="20201213 15:15:32.970" endtime="20201213 15:15:33.597"></status>
</kw>
<status status="PASS" starttime="20201213 15:15:24.200" endtime="20201213 15:15:33.597" critical="yes"></status>
</test>
<test id="s1-t4" name="Test Case 4 - Make Complited item in todos active again">
<kw name="Open TODOS App" library="keywords">
<kw name="Open Browser" library="SeleniumLibrary">
<doc>Opens a new browser instance to the optional ``url``.</doc>
<arguments>
<arg>${TODOLIST_URL}</arg>
<arg>${BROWSER}</arg>
</arguments>
<msg timestamp="20201213 15:15:33.600" level="INFO">Opening browser 'headlessfirefox' to base url 'http://todomvc.com/examples/react/#/'.</msg>
<msg timestamp="20201213 15:15:33.666" level="INFO">Firefox driver log is always forced to to: C:\Users\op671200\Documents\GitHub\TestingToDoList\Tests\geckodriver-371.log</msg>
<status status="PASS" starttime="20201213 15:15:33.600" endtime="20201213 15:15:41.453"></status>
</kw>
<kw name="Wait Until Page Contains Element" library="SeleniumLibrary">
<doc>Waits until the element ``locator`` appears on the current page.</doc>
<arguments>
<arg>${PLACEHOLDER}</arg>
</arguments>
<status status="PASS" starttime="20201213 15:15:41.453" endtime="20201213 15:15:41.677"></status>
</kw>
<status status="PASS" starttime="20201213 15:15:33.599" endtime="20201213 15:15:41.677"></status>
</kw>
<kw name="Add item to TODOS App" library="keywords">
<kw name="Generate Random String" library="String">
<doc>Generates a string with a desired ``length`` from the given ``chars``.</doc>
<arguments>
<arg>12</arg>
</arguments>
<assign>
<var>${TASK}</var>
</assign>
<msg timestamp="20201213 15:15:41.678" level="INFO">${TASK} = t0BY7EOqESBe</msg>
<status status="PASS" starttime="20201213 15:15:41.678" endtime="20201213 15:15:41.678"></status>
</kw>
<kw name="Input Text" library="SeleniumLibrary">
<doc>Types the given ``text`` into the text field identified by ``locator``.</doc>
<arguments>
<arg>${TEXT_FIELDS}</arg>
<arg>${TASK}</arg>
</arguments>
<msg timestamp="20201213 15:15:41.679" level="INFO">Typing text 't0BY7EOqESBe' into text field 'xpath://*[@class="new-todo"]'.</msg>
<status status="PASS" starttime="20201213 15:15:41.679" endtime="20201213 15:15:41.734"></status>
</kw>
<kw name="Press Keys" library="SeleniumLibrary">
<doc>Simulates the user pressing key(s) to an element or on the active browser.</doc>
<arguments>
<arg>${TEXT_FIELDS}</arg>
<arg>ENTER</arg>
</arguments>
<msg timestamp="20201213 15:15:41.735" level="INFO">Sending key(s) ('ENTER',) to xpath://*[@class="new-todo"] element.</msg>
<msg timestamp="20201213 15:15:42.017" level="INFO">Pressing special key ENTER to element.</msg>
<msg timestamp="20201213 15:15:42.017" level="INFO">Releasing special key ENTER.</msg>
<status status="PASS" starttime="20201213 15:15:41.735" endtime="20201213 15:15:42.047"></status>
</kw>
<kw name="Element Attribute Value Should Be" library="SeleniumLibrary">
<doc>Verifies element identified by ``locator`` contains expected attribute value.</doc>
<arguments>
<arg>${ACTUAL_TEXT}</arg>
<arg>value</arg>
<arg>${TASK}</arg>
</arguments>
<msg timestamp="20201213 15:15:42.066" level="INFO">Element 'xpath://*[@class="edit"]' attribute 'value' contains value 't0BY7EOqESBe'.</msg>
<status status="PASS" starttime="20201213 15:15:42.047" endtime="20201213 15:15:42.066"></status>
</kw>
<status status="PASS" starttime="20201213 15:15:41.678" endtime="20201213 15:15:42.066"></status>
</kw>
<kw name="Move Active item to Completed" library="keywords">
<kw name="Mouse Over" library="SeleniumLibrary">
<doc>Simulates hovering the mouse over the element ``locator``.</doc>
<arguments>
<arg>${TODOS_TASK}</arg>
</arguments>
<msg timestamp="20201213 15:15:42.068" level="INFO">Simulating Mouse Over on element 'xpath://*[@class="todo-list"]'.</msg>
<status status="PASS" starttime="20201213 15:15:42.067" endtime="20201213 15:15:42.363"></status>
</kw>
<kw name="Select Checkbox" library="SeleniumLibrary">
<doc>Selects the checkbox identified by ``locator``.</doc>
<arguments>
<arg>${LIST_CHECKBOX}</arg>
</arguments>
<msg timestamp="20201213 15:15:42.364" level="INFO">Selecting checkbox 'xpath://*[@class="toggle"]'.</msg>
<status status="PASS" starttime="20201213 15:15:42.364" endtime="20201213 15:15:42.643"></status>
</kw>
<kw name="Page Should Contain Element" library="SeleniumLibrary">
<doc>Verifies that element ``locator`` is found on the current page.</doc>
<arguments>
<arg>${CLEAR_COMPLETED_LINK}</arg>
</arguments>
<msg timestamp="20201213 15:15:42.662" level="INFO">Current page contains element 'xpath://*[@class="clear-completed"]'.</msg>
<status status="PASS" starttime="20201213 15:15:42.644" endtime="20201213 15:15:42.662"></status>
</kw>
<kw name="Element Text Should Be" library="SeleniumLibrary">
<doc>Verifies that element ``locator`` contains exact the text ``expected``.</doc>
<arguments>
<arg>${CLEAR_COMPLETED_LINK}</arg>
<arg>Clear completed</arg>
</arguments>
<msg timestamp="20201213 15:15:42.663" level="INFO">Verifying element 'xpath://*[@class="clear-completed"]' contains exact text 'Clear completed'.</msg>
<status status="PASS" starttime="20201213 15:15:42.662" endtime="20201213 15:15:42.708"></status>
</kw>
<status status="PASS" starttime="20201213 15:15:42.067" endtime="20201213 15:15:42.708"></status>
</kw>
<kw name="Mouse Over" library="SeleniumLibrary">
<doc>Simulates hovering the mouse over the element ``locator``.</doc>
<arguments>
<arg>${TODOS_TASK}</arg>
</arguments>
<msg timestamp="20201213 15:15:42.710" level="INFO">Simulating Mouse Over on element 'xpath://*[@class="todo-list"]'.</msg>
<status status="PASS" starttime="20201213 15:15:42.710" endtime="20201213 15:15:42.986"></status>
</kw>
<kw name="Click Element" library="SeleniumLibrary">
<doc>Click the element identified by ``locator``.</doc>
<arguments>
<arg>${LIST_CHECKBOX}</arg>
</arguments>
<msg timestamp="20201213 15:15:42.987" level="INFO">Clicking element 'xpath://*[@class="toggle"]'.</msg>
<status status="PASS" starttime="20201213 15:15:42.987" endtime="20201213 15:15:43.213"></status>
</kw>
<kw name="Page Should Not Contain Element" library="SeleniumLibrary">
<doc>Verifies that element ``locator`` is found on the current page.</doc>
<arguments>
<arg>${CLEAR_COMPLETED_LINK}</arg>
</arguments>
<msg timestamp="20201213 15:15:43.222" level="INFO">Current page does not contain element 'xpath://*[@class="clear-completed"]'.</msg>
<status status="PASS" starttime="20201213 15:15:43.214" endtime="20201213 15:15:43.222"></status>
</kw>
<kw name="Check items amount" library="keywords">
<kw name="Get Text" library="SeleniumLibrary">
<doc>Returns the text value of the element identified by ``locator``.</doc>
<arguments>
<arg>${TODO_COUNT}</arg>
</arguments>
<assign>
<var>${ITEMS_AMOUNT}</var>
</assign>
<msg timestamp="20201213 15:15:43.249" level="INFO">${ITEMS_AMOUNT} = 1 item left</msg>
<status status="PASS" starttime="20201213 15:15:43.224" endtime="20201213 15:15:43.249"></status>
</kw>
<kw name="Should Be Equal" library="BuiltIn">
<doc>Fails if the given objects are unequal.</doc>
<arguments>
<arg>${ITEMS_AMOUNT}</arg>
<arg>1 item left</arg>
</arguments>
<status status="PASS" starttime="20201213 15:15:43.250" endtime="20201213 15:15:43.250"></status>
</kw>
<status status="PASS" starttime="20201213 15:15:43.223" endtime="20201213 15:15:43.250"></status>
</kw>
<kw name="Close All Browsers" library="SeleniumLibrary" type="teardown">
<doc>Closes all open browsers and resets the browser cache.</doc>
<status status="PASS" starttime="20201213 15:15:43.251" endtime="20201213 15:15:44.026"></status>
</kw>
<status status="PASS" starttime="20201213 15:15:33.599" endtime="20201213 15:15:44.027" critical="yes"></status>
</test>
<test id="s1-t5" name="Test Case 5 - Delete Complited item from todos">
<kw name="Open TODOS App" library="keywords">
<kw name="Open Browser" library="SeleniumLibrary">
<doc>Opens a new browser instance to the optional ``url``.</doc>
<arguments>
<arg>${TODOLIST_URL}</arg>
<arg>${BROWSER}</arg>
</arguments>
<msg timestamp="20201213 15:15:44.030" level="INFO">Opening browser 'headlessfirefox' to base url 'http://todomvc.com/examples/react/#/'.</msg>
<msg timestamp="20201213 15:15:44.119" level="INFO">Firefox driver log is always forced to to: C:\Users\op671200\Documents\GitHub\TestingToDoList\Tests\geckodriver-372.log</msg>
<status status="PASS" starttime="20201213 15:15:44.029" endtime="20201213 15:15:50.998"></status>
</kw>
<kw name="Wait Until Page Contains Element" library="SeleniumLibrary">
<doc>Waits until the element ``locator`` appears on the current page.</doc>
<arguments>
<arg>${PLACEHOLDER}</arg>
</arguments>
<status status="PASS" starttime="20201213 15:15:50.998" endtime="20201213 15:15:51.238"></status>
</kw>
<status status="PASS" starttime="20201213 15:15:44.029" endtime="20201213 15:15:51.238"></status>
</kw>
<kw name="Add item to TODOS App" library="keywords">
<kw name="Generate Random String" library="String">
<doc>Generates a string with a desired ``length`` from the given ``chars``.</doc>
<arguments>
<arg>12</arg>
</arguments>
<assign>
<var>${TASK}</var>
</assign>
<msg timestamp="20201213 15:15:51.240" level="INFO">${TASK} = ZEmYRNoyFGjK</msg>
<status status="PASS" starttime="20201213 15:15:51.239" endtime="20201213 15:15:51.240"></status>
</kw>
<kw name="Input Text" library="SeleniumLibrary">
<doc>Types the given ``text`` into the text field identified by ``locator``.</doc>
<arguments>
<arg>${TEXT_FIELDS}</arg>
<arg>${TASK}</arg>
</arguments>
<msg timestamp="20201213 15:15:51.240" level="INFO">Typing text 'ZEmYRNoyFGjK' into text field 'xpath://*[@class="new-todo"]'.</msg>
<status status="PASS" starttime="20201213 15:15:51.240" endtime="20201213 15:15:51.301"></status>
</kw>
<kw name="Press Keys" library="SeleniumLibrary">
<doc>Simulates the user pressing key(s) to an element or on the active browser.</doc>
<arguments>
<arg>${TEXT_FIELDS}</arg>
<arg>ENTER</arg>
</arguments>
<msg timestamp="20201213 15:15:51.302" level="INFO">Sending key(s) ('ENTER',) to xpath://*[@class="new-todo"] element.</msg>
<msg timestamp="20201213 15:15:51.579" level="INFO">Pressing special key ENTER to element.</msg>
<msg timestamp="20201213 15:15:51.579" level="INFO">Releasing special key ENTER.</msg>
<status status="PASS" starttime="20201213 15:15:51.301" endtime="20201213 15:15:51.602"></status>
</kw>
<kw name="Element Attribute Value Should Be" library="SeleniumLibrary">
<doc>Verifies element identified by ``locator`` contains expected attribute value.</doc>
<arguments>
<arg>${ACTUAL_TEXT}</arg>
<arg>value</arg>
<arg>${TASK}</arg>
</arguments>
<msg timestamp="20201213 15:15:51.625" level="INFO">Element 'xpath://*[@class="edit"]' attribute 'value' contains value 'ZEmYRNoyFGjK'.</msg>
<status status="PASS" starttime="20201213 15:15:51.602" endtime="20201213 15:15:51.625"></status>
</kw>
<status status="PASS" starttime="20201213 15:15:51.239" endtime="20201213 15:15:51.626"></status>
</kw>
<kw name="Move Active item to Completed" library="keywords">
<kw name="Mouse Over" library="SeleniumLibrary">
<doc>Simulates hovering the mouse over the element ``locator``.</doc>
<arguments>
<arg>${TODOS_TASK}</arg>
</arguments>
<msg timestamp="20201213 15:15:51.627" level="INFO">Simulating Mouse Over on element 'xpath://*[@class="todo-list"]'.</msg>
<status status="PASS" starttime="20201213 15:15:51.627" endtime="20201213 15:15:51.897"></status>
</kw>
<kw name="Select Checkbox" library="SeleniumLibrary">
<doc>Selects the checkbox identified by ``locator``.</doc>
<arguments>
<arg>${LIST_CHECKBOX}</arg>
</arguments>
<msg timestamp="20201213 15:15:51.897" level="INFO">Selecting checkbox 'xpath://*[@class="toggle"]'.</msg>
<status status="PASS" starttime="20201213 15:15:51.897" endtime="20201213 15:15:52.164"></status>
</kw>
<kw name="Page Should Contain Element" library="SeleniumLibrary">
<doc>Verifies that element ``locator`` is found on the current page.</doc>
<arguments>
<arg>${CLEAR_COMPLETED_LINK}</arg>
</arguments>
<msg timestamp="20201213 15:15:52.181" level="INFO">Current page contains element 'xpath://*[@class="clear-completed"]'.</msg>
<status status="PASS" starttime="20201213 15:15:52.164" endtime="20201213 15:15:52.181"></status>
</kw>
<kw name="Element Text Should Be" library="SeleniumLibrary">
<doc>Verifies that element ``locator`` contains exact the text ``expected``.</doc>
<arguments>
<arg>${CLEAR_COMPLETED_LINK}</arg>
<arg>Clear completed</arg>
</arguments>
<msg timestamp="20201213 15:15:52.182" level="INFO">Verifying element 'xpath://*[@class="clear-completed"]' contains exact text 'Clear completed'.</msg>
<status status="PASS" starttime="20201213 15:15:52.181" endtime="20201213 15:15:52.229"></status>
</kw>
<status status="PASS" starttime="20201213 15:15:51.626" endtime="20201213 15:15:52.229"></status>
</kw>
<kw name="Mouse Over" library="SeleniumLibrary">
<doc>Simulates hovering the mouse over the element ``locator``.</doc>
<arguments>
<arg>${TODOS_TASK}</arg>
</arguments>
<msg timestamp="20201213 15:15:52.230" level="INFO">Simulating Mouse Over on element 'xpath://*[@class="todo-list"]'.</msg>
<status status="PASS" starttime="20201213 15:15:52.230" endtime="20201213 15:15:52.508"></status>
</kw>
<kw name="Click Element" library="SeleniumLibrary">
<doc>Click the element identified by ``locator``.</doc>
<arguments>
<arg>${CLOSE_BUTTON}</arg>
</arguments>
<msg timestamp="20201213 15:15:52.510" level="INFO">Clicking element 'xpath://*[@class="destroy"]'.</msg>
<status status="PASS" starttime="20201213 15:15:52.509" endtime="20201213 15:15:52.753"></status>
</kw>
<kw name="Page Should Not Contain Element" library="SeleniumLibrary">
<doc>Verifies that element ``locator`` is found on the current page.</doc>
<arguments>
<arg>${TODOS_LIST}</arg>
</arguments>
<msg timestamp="20201213 15:15:52.768" level="INFO">Current page does not contain element 'xpath://*[@class="main"]'.</msg>
<status status="PASS" starttime="20201213 15:15:52.755" endtime="20201213 15:15:52.768"></status>
</kw>
<kw name="Close All Browsers" library="SeleniumLibrary" type="teardown">
<doc>Closes all open browsers and resets the browser cache.</doc>
<status status="PASS" starttime="20201213 15:15:52.769" endtime="20201213 15:15:53.578"></status>
</kw>
<status status="PASS" starttime="20201213 15:15:44.028" endtime="20201213 15:15:53.579" critical="yes"></status>
</test>
<test id="s1-t6" name="Test Case 6 - Edit todolist item">
<kw name="Open TODOS App" library="keywords">
<kw name="Open Browser" library="SeleniumLibrary">
<doc>Opens a new browser instance to the optional ``url``.</doc>
<arguments>
<arg>${TODOLIST_URL}</arg>
<arg>${BROWSER}</arg>
</arguments>
<msg timestamp="20201213 15:15:53.582" level="INFO">Opening browser 'headlessfirefox' to base url 'http://todomvc.com/examples/react/#/'.</msg>
<msg timestamp="20201213 15:15:53.651" level="INFO">Firefox driver log is always forced to to: C:\Users\op671200\Documents\GitHub\TestingToDoList\Tests\geckodriver-373.log</msg>
<status status="PASS" starttime="20201213 15:15:53.581" endtime="20201213 15:16:00.959"></status>
</kw>
<kw name="Wait Until Page Contains Element" library="SeleniumLibrary">
<doc>Waits until the element ``locator`` appears on the current page.</doc>
<arguments>
<arg>${PLACEHOLDER}</arg>
</arguments>
<status status="PASS" starttime="20201213 15:16:00.959" endtime="20201213 15:16:01.184"></status>
</kw>
<status status="PASS" starttime="20201213 15:15:53.581" endtime="20201213 15:16:01.185"></status>
</kw>
<kw name="Add item to TODOS App" library="keywords">
<kw name="Generate Random String" library="String">
<doc>Generates a string with a desired ``length`` from the given ``chars``.</doc>
<arguments>
<arg>12</arg>
</arguments>
<assign>
<var>${TASK}</var>
</assign>
<msg timestamp="20201213 15:16:01.186" level="INFO">${TASK} = 5S158uc0xUuH</msg>
<status status="PASS" starttime="20201213 15:16:01.185" endtime="20201213 15:16:01.186"></status>
</kw>
<kw name="Input Text" library="SeleniumLibrary">
<doc>Types the given ``text`` into the text field identified by ``locator``.</doc>
<arguments>
<arg>${TEXT_FIELDS}</arg>
<arg>${TASK}</arg>
</arguments>
<msg timestamp="20201213 15:16:01.186" level="INFO">Typing text '5S158uc0xUuH' into text field 'xpath://*[@class="new-todo"]'.</msg>
<status status="PASS" starttime="20201213 15:16:01.186" endtime="20201213 15:16:01.244"></status>
</kw>
<kw name="Press Keys" library="SeleniumLibrary">
<doc>Simulates the user pressing key(s) to an element or on the active browser.</doc>
<arguments>
<arg>${TEXT_FIELDS}</arg>
<arg>ENTER</arg>
</arguments>
<msg timestamp="20201213 15:16:01.245" level="INFO">Sending key(s) ('ENTER',) to xpath://*[@class="new-todo"] element.</msg>
<msg timestamp="20201213 15:16:01.534" level="INFO">Pressing special key ENTER to element.</msg>
<msg timestamp="20201213 15:16:01.534" level="INFO">Releasing special key ENTER.</msg>
<status status="PASS" starttime="20201213 15:16:01.244" endtime="20201213 15:16:01.567"></status>
</kw>
<kw name="Element Attribute Value Should Be" library="SeleniumLibrary">
<doc>Verifies element identified by ``locator`` contains expected attribute value.</doc>
<arguments>
<arg>${ACTUAL_TEXT}</arg>
<arg>value</arg>
<arg>${TASK}</arg>
</arguments>
<msg timestamp="20201213 15:16:01.586" level="INFO">Element 'xpath://*[@class="edit"]' attribute 'value' contains value '5S158uc0xUuH'.</msg>
<status status="PASS" starttime="20201213 15:16:01.567" endtime="20201213 15:16:01.586"></status>
</kw>
<status status="PASS" starttime="20201213 15:16:01.185" endtime="20201213 15:16:01.586"></status>
</kw>
<kw name="Mouse Over" library="SeleniumLibrary">
<doc>Simulates hovering the mouse over the element ``locator``.</doc>
<arguments>
<arg>${TODOS_TASK}</arg>
</arguments>
<msg timestamp="20201213 15:16:01.587" level="INFO">Simulating Mouse Over on element 'xpath://*[@class="todo-list"]'.</msg>
<status status="PASS" starttime="20201213 15:16:01.586" endtime="20201213 15:16:01.868"></status>
</kw>
<kw name="Double Click Element" library="SeleniumLibrary">
<doc>Double clicks the element identified by ``locator``.</doc>
<arguments>
<arg>${LIST_ELEMENT}</arg>
</arguments>
<msg timestamp="20201213 15:16:01.869" level="INFO">Double clicking element 'css:.view label'.</msg>
<status status="PASS" starttime="20201213 15:16:01.869" endtime="20201213 15:16:02.177"></status>
</kw>
<kw name="Page Should Contain Element" library="SeleniumLibrary">
<doc>Verifies that element ``locator`` is found on the current page.</doc>
<arguments>
<arg>${EDITING}</arg>
</arguments>
<msg timestamp="20201213 15:16:02.189" level="INFO">Current page contains element 'xpath://*[@class="editing"]'.</msg>
<status status="PASS" starttime="20201213 15:16:02.178" endtime="20201213 15:16:02.189"></status>
</kw>
<kw name="Press Keys" library="SeleniumLibrary">
<doc>Simulates the user pressing key(s) to an element or on the active browser.</doc>
<arguments>
<arg>${EDIT_FIELD}</arg>
<arg>CTRL+A</arg>
</arguments>
<msg timestamp="20201213 15:16:02.190" level="INFO">Sending key(s) ('CTRL+A',) to xpath://*[@class="edit"] element.</msg>
<msg timestamp="20201213 15:16:02.466" level="INFO">Pressing special key CONTROL down.</msg>
<msg timestamp="20201213 15:16:02.466" level="INFO">Sending key A</msg>
<msg timestamp="20201213 15:16:02.466" level="INFO">Releasing special key CONTROL.</msg>
<status status="PASS" starttime="20201213 15:16:02.190" endtime="20201213 15:16:02.476"></status>
</kw>
<kw name="Press Keys" library="SeleniumLibrary">
<doc>Simulates the user pressing key(s) to an element or on the active browser.</doc>
<arguments>
<arg>${EDIT_FIELD}</arg>
<arg>BACKSPACE</arg>
</arguments>
<msg timestamp="20201213 15:16:02.478" level="INFO">Sending key(s) ('BACKSPACE',) to xpath://*[@class="edit"] element.</msg>
<msg timestamp="20201213 15:16:02.759" level="INFO">Pressing special key BACKSPACE to element.</msg>
<msg timestamp="20201213 15:16:02.759" level="INFO">Releasing special key BACKSPACE.</msg>
<status status="PASS" starttime="20201213 15:16:02.477" endtime="20201213 15:16:02.779"></status>
</kw>
<kw name="Press Keys" library="SeleniumLibrary">
<doc>Simulates the user pressing key(s) to an element or on the active browser.</doc>
<arguments>
<arg>${EDIT_FIELD}</arg>
<arg>${NEW_ITEM_VALUE}</arg>
</arguments>
<msg timestamp="20201213 15:16:02.780" level="INFO">Sending key(s) ('newItemAdded',) to xpath://*[@class="edit"] element.</msg>
<msg timestamp="20201213 15:16:03.064" level="INFO">Sending keys newItemAdded</msg>
<status status="PASS" starttime="20201213 15:16:02.780" endtime="20201213 15:16:03.137"></status>
</kw>
<kw name="Press Keys" library="SeleniumLibrary">
<doc>Simulates the user pressing key(s) to an element or on the active browser.</doc>
<arguments>
<arg>${TEXT_FIELDS}</arg>
<arg>ENTER</arg>
</arguments>
<msg timestamp="20201213 15:16:03.138" level="INFO">Sending key(s) ('ENTER',) to xpath://*[@class="new-todo"] element.</msg>
<msg timestamp="20201213 15:16:03.429" level="INFO">Pressing special key ENTER to element.</msg>
<msg timestamp="20201213 15:16:03.429" level="INFO">Releasing special key ENTER.</msg>
<status status="PASS" starttime="20201213 15:16:03.137" endtime="20201213 15:16:03.440"></status>
</kw>
<kw name="Element Attribute Value Should Be" library="SeleniumLibrary">
<doc>Verifies element identified by ``locator`` contains expected attribute value.</doc>
<arguments>
<arg>${ACTUAL_TEXT}</arg>
<arg>value</arg>
<arg>${NEW_ITEM_VALUE}</arg>
</arguments>
<msg timestamp="20201213 15:16:03.459" level="INFO">Element 'xpath://*[@class="edit"]' attribute 'value' contains value 'newItemAdded'.</msg>
<status status="PASS" starttime="20201213 15:16:03.441" endtime="20201213 15:16:03.459"></status>
</kw>
<kw name="Close All Browsers" library="SeleniumLibrary" type="teardown">
<doc>Closes all open browsers and resets the browser cache.</doc>
<status status="PASS" starttime="20201213 15:16:03.460" endtime="20201213 15:16:04.094"></status>
</kw>
<status status="PASS" starttime="20201213 15:15:53.580" endtime="20201213 15:16:04.094" critical="yes"></status>
</test>
<test id="s1-t7" name="Test Case 7 - Clear(Remove) Complited item in todos">
<kw name="Open TODOS App" library="keywords">
<kw name="Open Browser" library="SeleniumLibrary">
<doc>Opens a new browser instance to the optional ``url``.</doc>
<arguments>
<arg>${TODOLIST_URL}</arg>
<arg>${BROWSER}</arg>
</arguments>
<msg timestamp="20201213 15:16:04.097" level="INFO">Opening browser 'headlessfirefox' to base url 'http://todomvc.com/examples/react/#/'.</msg>
<msg timestamp="20201213 15:16:04.169" level="INFO">Firefox driver log is always forced to to: C:\Users\op671200\Documents\GitHub\TestingToDoList\Tests\geckodriver-374.log</msg>
<status status="PASS" starttime="20201213 15:16:04.097" endtime="20201213 15:16:11.018"></status>
</kw>
<kw name="Wait Until Page Contains Element" library="SeleniumLibrary">
<doc>Waits until the element ``locator`` appears on the current page.</doc>
<arguments>
<arg>${PLACEHOLDER}</arg>
</arguments>
<status status="PASS" starttime="20201213 15:16:11.018" endtime="20201213 15:16:11.265"></status>
</kw>
<status status="PASS" starttime="20201213 15:16:04.096" endtime="20201213 15:16:11.265"></status>
</kw>
<kw name="Add item to TODOS App" library="keywords">
<kw name="Generate Random String" library="String">
<doc>Generates a string with a desired ``length`` from the given ``chars``.</doc>
<arguments>
<arg>12</arg>
</arguments>
<assign>
<var>${TASK}</var>
</assign>
<msg timestamp="20201213 15:16:11.266" level="INFO">${TASK} = YQWQA1knL1wM</msg>
<status status="PASS" starttime="20201213 15:16:11.266" endtime="20201213 15:16:11.266"></status>
</kw>
<kw name="Input Text" library="SeleniumLibrary">
<doc>Types the given ``text`` into the text field identified by ``locator``.</doc>
<arguments>
<arg>${TEXT_FIELDS}</arg>
<arg>${TASK}</arg>
</arguments>
<msg timestamp="20201213 15:16:11.267" level="INFO">Typing text 'YQWQA1knL1wM' into text field 'xpath://*[@class="new-todo"]'.</msg>
<status status="PASS" starttime="20201213 15:16:11.267" endtime="20201213 15:16:11.324"></status>
</kw>
<kw name="Press Keys" library="SeleniumLibrary">
<doc>Simulates the user pressing key(s) to an element or on the active browser.</doc>
<arguments>
<arg>${TEXT_FIELDS}</arg>
<arg>ENTER</arg>
</arguments>
<msg timestamp="20201213 15:16:11.324" level="INFO">Sending key(s) ('ENTER',) to xpath://*[@class="new-todo"] element.</msg>
<msg timestamp="20201213 15:16:11.600" level="INFO">Pressing special key ENTER to element.</msg>
<msg timestamp="20201213 15:16:11.600" level="INFO">Releasing special key ENTER.</msg>
<status status="PASS" starttime="20201213 15:16:11.324" endtime="20201213 15:16:11.632"></status>
</kw>
<kw name="Element Attribute Value Should Be" library="SeleniumLibrary">
<doc>Verifies element identified by ``locator`` contains expected attribute value.</doc>
<arguments>
<arg>${ACTUAL_TEXT}</arg>
<arg>value</arg>
<arg>${TASK}</arg>
</arguments>
<msg timestamp="20201213 15:16:11.655" level="INFO">Element 'xpath://*[@class="edit"]' attribute 'value' contains value 'YQWQA1knL1wM'.</msg>
<status status="PASS" starttime="20201213 15:16:11.632" endtime="20201213 15:16:11.655"></status>
</kw>
<status status="PASS" starttime="20201213 15:16:11.266" endtime="20201213 15:16:11.655"></status>
</kw>
<kw name="Move Active item to Completed" library="keywords">
<kw name="Mouse Over" library="SeleniumLibrary">
<doc>Simulates hovering the mouse over the element ``locator``.</doc>
<arguments>
<arg>${TODOS_TASK}</arg>
</arguments>
<msg timestamp="20201213 15:16:11.658" level="INFO">Simulating Mouse Over on element 'xpath://*[@class="todo-list"]'.</msg>
<status status="PASS" starttime="20201213 15:16:11.658" endtime="20201213 15:16:11.940"></status>
</kw>
<kw name="Select Checkbox" library="SeleniumLibrary">
<doc>Selects the checkbox identified by ``locator``.</doc>
<arguments>
<arg>${LIST_CHECKBOX}</arg>
</arguments>
<msg timestamp="20201213 15:16:11.941" level="INFO">Selecting checkbox 'xpath://*[@class="toggle"]'.</msg>
<status status="PASS" starttime="20201213 15:16:11.940" endtime="20201213 15:16:12.203"></status>
</kw>
<kw name="Page Should Contain Element" library="SeleniumLibrary">
<doc>Verifies that element ``locator`` is found on the current page.</doc>
<arguments>
<arg>${CLEAR_COMPLETED_LINK}</arg>
</arguments>
<msg timestamp="20201213 15:16:12.215" level="INFO">Current page contains element 'xpath://*[@class="clear-completed"]'.</msg>
<status status="PASS" starttime="20201213 15:16:12.203" endtime="20201213 15:16:12.215"></status>
</kw>
<kw name="Element Text Should Be" library="SeleniumLibrary">
<doc>Verifies that element ``locator`` contains exact the text ``expected``.</doc>
<arguments>
<arg>${CLEAR_COMPLETED_LINK}</arg>
<arg>Clear completed</arg>
</arguments>
<msg timestamp="20201213 15:16:12.215" level="INFO">Verifying element 'xpath://*[@class="clear-completed"]' contains exact text 'Clear completed'.</msg>
<status status="PASS" starttime="20201213 15:16:12.215" endtime="20201213 15:16:12.240"></status>
</kw>
<status status="PASS" starttime="20201213 15:16:11.657" endtime="20201213 15:16:12.241"></status>
</kw>
<kw name="Click Element" library="SeleniumLibrary">
<doc>Click the element identified by ``locator``.</doc>
<arguments>
<arg>${CLEAR_COMPLETED_LINK}</arg>
</arguments>
<msg timestamp="20201213 15:16:12.241" level="INFO">Clicking element 'xpath://*[@class="clear-completed"]'.</msg>
<status status="PASS" starttime="20201213 15:16:12.241" endtime="20201213 15:16:12.472"></status>
</kw>
<kw name="Page Should Not Contain Element" library="SeleniumLibrary">
<doc>Verifies that element ``locator`` is found on the current page.</doc>
<arguments>
<arg>${CLEAR_COMPLETED_LINK}</arg>
</arguments>
<msg timestamp="20201213 15:16:12.482" level="INFO">Current page does not contain element 'xpath://*[@class="clear-completed"]'.</msg>
<status status="PASS" starttime="20201213 15:16:12.473" endtime="20201213 15:16:12.482"></status>
</kw>
<kw name="Page Should Not Contain Element" library="SeleniumLibrary">
<doc>Verifies that element ``locator`` is found on the current page.</doc>
<arguments>
<arg>${TODOS_LIST}</arg>
</arguments>
<msg timestamp="20201213 15:16:12.488" level="INFO">Current page does not contain element 'xpath://*[@class="main"]'.</msg>
<status status="PASS" starttime="20201213 15:16:12.483" endtime="20201213 15:16:12.488"></status>
</kw>
<kw name="Close All Browsers" library="SeleniumLibrary" type="teardown">
<doc>Closes all open browsers and resets the browser cache.</doc>
<status status="PASS" starttime="20201213 15:16:12.489" endtime="20201213 15:16:13.179"></status>
</kw>
<status status="PASS" starttime="20201213 15:16:04.096" endtime="20201213 15:16:13.179" critical="yes"></status>
</test>
<test id="s1-t8" name="Test Case 8 - Switch between All, Active and Complited links">
<kw name="Open TODOS App" library="keywords">
<kw name="Open Browser" library="SeleniumLibrary">
<doc>Opens a new browser instance to the optional ``url``.</doc>
<arguments>
<arg>${TODOLIST_URL}</arg>
<arg>${BROWSER}</arg>
</arguments>
<msg timestamp="20201213 15:16:13.182" level="INFO">Opening browser 'headlessfirefox' to base url 'http://todomvc.com/examples/react/#/'.</msg>
<msg timestamp="20201213 15:16:13.254" level="INFO">Firefox driver log is always forced to to: C:\Users\op671200\Documents\GitHub\TestingToDoList\Tests\geckodriver-375.log</msg>
<status status="PASS" starttime="20201213 15:16:13.182" endtime="20201213 15:16:20.581"></status>
</kw>
<kw name="Wait Until Page Contains Element" library="SeleniumLibrary">
<doc>Waits until the element ``locator`` appears on the current page.</doc>
<arguments>
<arg>${PLACEHOLDER}</arg>
</arguments>
<status status="PASS" starttime="20201213 15:16:20.581" endtime="20201213 15:16:20.809"></status>
</kw>
<status status="PASS" starttime="20201213 15:16:13.181" endtime="20201213 15:16:20.809"></status>
</kw>
<kw name="Add item to TODOS App" library="keywords">
<kw name="Generate Random String" library="String">
<doc>Generates a string with a desired ``length`` from the given ``chars``.</doc>
<arguments>
<arg>12</arg>
</arguments>
<assign>
<var>${TASK}</var>
</assign>
<msg timestamp="20201213 15:16:20.811" level="INFO">${TASK} = XYupPpNw5xbF</msg>
<status status="PASS" starttime="20201213 15:16:20.811" endtime="20201213 15:16:20.811"></status>
</kw>
<kw name="Input Text" library="SeleniumLibrary">
<doc>Types the given ``text`` into the text field identified by ``locator``.</doc>
<arguments>
<arg>${TEXT_FIELDS}</arg>
<arg>${TASK}</arg>
</arguments>
<msg timestamp="20201213 15:16:20.811" level="INFO">Typing text 'XYupPpNw5xbF' into text field 'xpath://*[@class="new-todo"]'.</msg>
<status status="PASS" starttime="20201213 15:16:20.811" endtime="20201213 15:16:20.866"></status>
</kw>
<kw name="Press Keys" library="SeleniumLibrary">
<doc>Simulates the user pressing key(s) to an element or on the active browser.</doc>
<arguments>
<arg>${TEXT_FIELDS}</arg>
<arg>ENTER</arg>
</arguments>
<msg timestamp="20201213 15:16:20.868" level="INFO">Sending key(s) ('ENTER',) to xpath://*[@class="new-todo"] element.</msg>
<msg timestamp="20201213 15:16:21.154" level="INFO">Pressing special key ENTER to element.</msg>
<msg timestamp="20201213 15:16:21.154" level="INFO">Releasing special key ENTER.</msg>
<status status="PASS" starttime="20201213 15:16:20.866" endtime="20201213 15:16:21.187"></status>
</kw>
<kw name="Element Attribute Value Should Be" library="SeleniumLibrary">
<doc>Verifies element identified by ``locator`` contains expected attribute value.</doc>
<arguments>
<arg>${ACTUAL_TEXT}</arg>
<arg>value</arg>
<arg>${TASK}</arg>
</arguments>
<msg timestamp="20201213 15:16:21.212" level="INFO">Element 'xpath://*[@class="edit"]' attribute 'value' contains value 'XYupPpNw5xbF'.</msg>
<status status="PASS" starttime="20201213 15:16:21.187" endtime="20201213 15:16:21.212"></status>
</kw>
<status status="PASS" starttime="20201213 15:16:20.811" endtime="20201213 15:16:21.212"></status>
</kw>
<kw name="Get Text" library="SeleniumLibrary">
<doc>Returns the text value of the element identified by ``locator``.</doc>
<arguments>
<arg>${ALL_LINK}</arg>
</arguments>
<assign>
<var>${ACTIVE_LINK_TEXT}</var>
</assign>
<msg timestamp="20201213 15:16:21.242" level="INFO">${ACTIVE_LINK_TEXT} = All</msg>
<status status="PASS" starttime="20201213 15:16:21.213" endtime="20201213 15:16:21.242"></status>
</kw>
<kw name="Should Be Equal" library="BuiltIn">
<doc>Fails if the given objects are unequal.</doc>
<arguments>
<arg>${ACTIVE_LINK_TEXT}</arg>
<arg>All</arg>
</arguments>
<status status="PASS" starttime="20201213 15:16:21.242" endtime="20201213 15:16:21.243"></status>
</kw>
<kw name="Element Attribute Value Should Be" library="SeleniumLibrary">
<doc>Verifies element identified by ``locator`` contains expected attribute value.</doc>
<arguments>
<arg>${ALL_LINK}</arg>
<arg>class</arg>
<arg>selected</arg>
</arguments>
<msg timestamp="20201213 15:16:21.262" level="INFO">Element 'xpath://*[@href="#/"]' attribute 'class' contains value 'selected'.</msg>
<status status="PASS" starttime="20201213 15:16:21.243" endtime="20201213 15:16:21.262"></status>
</kw>
<kw name="Click Link" library="SeleniumLibrary">
<doc>Clicks a link identified by ``locator``.</doc>
<arguments>
<arg>${ACTIVE_LINK}</arg>
</arguments>
<msg timestamp="20201213 15:16:21.263" level="INFO">Clicking link 'xpath://*[@href="#/active"]'.</msg>
<status status="PASS" starttime="20201213 15:16:21.263" endtime="20201213 15:16:21.300"></status>
</kw>
<kw name="Get Text" library="SeleniumLibrary">
<doc>Returns the text value of the element identified by ``locator``.</doc>
<arguments>
<arg>${ACTIVE_LINK}</arg>
</arguments>
<assign>
<var>${ACTIVE_LINK_TEXT}</var>
</assign>
<msg timestamp="20201213 15:16:21.317" level="INFO">${ACTIVE_LINK_TEXT} = Active</msg>
<status status="PASS" starttime="20201213 15:16:21.300" endtime="20201213 15:16:21.317"></status>
</kw>
<kw name="Should Be Equal" library="BuiltIn">
<doc>Fails if the given objects are unequal.</doc>
<arguments>
<arg>${ACTIVE_LINK_TEXT}</arg>
<arg>Active</arg>
</arguments>
<status status="PASS" starttime="20201213 15:16:21.318" endtime="20201213 15:16:21.318"></status>
</kw>
<kw name="Element Attribute Value Should Be" library="SeleniumLibrary">
<doc>Verifies element identified by ``locator`` contains expected attribute value.</doc>
<arguments>
<arg>${ACTIVE_LINK}</arg>
<arg>class</arg>
<arg>selected</arg>
</arguments>
<msg timestamp="20201213 15:16:21.337" level="INFO">Element 'xpath://*[@href="#/active"]' attribute 'class' contains value 'selected'.</msg>
<status status="PASS" starttime="20201213 15:16:21.319" endtime="20201213 15:16:21.337"></status>
</kw>
<kw name="Click Link" library="SeleniumLibrary">
<doc>Clicks a link identified by ``locator``.</doc>
<arguments>
<arg>${COMPELETED_LINK}</arg>
</arguments>
<msg timestamp="20201213 15:16:21.338" level="INFO">Clicking link 'xpath://*[@href="#/completed"]'.</msg>
<status status="PASS" starttime="20201213 15:16:21.338" endtime="20201213 15:16:21.365"></status>
</kw>
<kw name="Get Text" library="SeleniumLibrary">
<doc>Returns the text value of the element identified by ``locator``.</doc>
<arguments>
<arg>${COMPELETED_LINK}</arg>
</arguments>
<assign>
<var>${ACTIVE_LINK_TEXT}</var>
</assign>
<msg timestamp="20201213 15:16:21.381" level="INFO">${ACTIVE_LINK_TEXT} = Completed</msg>
<status status="PASS" starttime="20201213 15:16:21.366" endtime="20201213 15:16:21.381"></status>
</kw>
<kw name="Should Be Equal" library="BuiltIn">
<doc>Fails if the given objects are unequal.</doc>
<arguments>
<arg>${ACTIVE_LINK_TEXT}</arg>
<arg>Completed</arg>
</arguments>
<status status="PASS" starttime="20201213 15:16:21.381" endtime="20201213 15:16:21.382"></status>
</kw>
<kw name="Element Attribute Value Should Be" library="SeleniumLibrary">
<doc>Verifies element identified by ``locator`` contains expected attribute value.</doc>
<arguments>
<arg>${COMPELETED_LINK}</arg>
<arg>class</arg>
<arg>selected</arg>
</arguments>
<msg timestamp="20201213 15:16:21.399" level="INFO">Element 'xpath://*[@href="#/completed"]' attribute 'class' contains value 'selected'.</msg>
<status status="PASS" starttime="20201213 15:16:21.382" endtime="20201213 15:16:21.399"></status>
</kw>
<kw name="Close All Browsers" library="SeleniumLibrary" type="teardown">
<doc>Closes all open browsers and resets the browser cache.</doc>
<status status="PASS" starttime="20201213 15:16:21.400" endtime="20201213 15:16:22.048"></status>
</kw>
<status status="PASS" starttime="20201213 15:16:13.181" endtime="20201213 15:16:22.048" critical="yes"></status>
</test>
<test id="s1-t9" name="Test Case 9 - Verify amount of Active items">
<kw name="Open TODOS App" library="keywords">
<kw name="Open Browser" library="SeleniumLibrary">
<doc>Opens a new browser instance to the optional ``url``.</doc>
<arguments>
<arg>${TODOLIST_URL}</arg>
<arg>${BROWSER}</arg>
</arguments>
<msg timestamp="20201213 15:16:22.051" level="INFO">Opening browser 'headlessfirefox' to base url 'http://todomvc.com/examples/react/#/'.</msg>
<msg timestamp="20201213 15:16:22.137" level="INFO">Firefox driver log is always forced to to: C:\Users\op671200\Documents\GitHub\TestingToDoList\Tests\geckodriver-376.log</msg>
<status status="PASS" starttime="20201213 15:16:22.051" endtime="20201213 15:16:29.073"></status>
</kw>
<kw name="Wait Until Page Contains Element" library="SeleniumLibrary">
<doc>Waits until the element ``locator`` appears on the current page.</doc>
<arguments>
<arg>${PLACEHOLDER}</arg>
</arguments>
<status status="PASS" starttime="20201213 15:16:29.073" endtime="20201213 15:16:29.342"></status>
</kw>
<status status="PASS" starttime="20201213 15:16:22.050" endtime="20201213 15:16:29.342"></status>
</kw>
<kw name="Add item to TODOS App" library="keywords">
<kw name="Generate Random String" library="String">
<doc>Generates a string with a desired ``length`` from the given ``chars``.</doc>
<arguments>
<arg>12</arg>
</arguments>
<assign>
<var>${TASK}</var>
</assign>
<msg timestamp="20201213 15:16:29.343" level="INFO">${TASK} = n70ti2FbG6qc</msg>
<status status="PASS" starttime="20201213 15:16:29.343" endtime="20201213 15:16:29.343"></status>
</kw>
<kw name="Input Text" library="SeleniumLibrary">
<doc>Types the given ``text`` into the text field identified by ``locator``.</doc>
<arguments>
<arg>${TEXT_FIELDS}</arg>
<arg>${TASK}</arg>
</arguments>
<msg timestamp="20201213 15:16:29.344" level="INFO">Typing text 'n70ti2FbG6qc' into text field 'xpath://*[@class="new-todo"]'.</msg>
<status status="PASS" starttime="20201213 15:16:29.343" endtime="20201213 15:16:29.414"></status>
</kw>
<kw name="Press Keys" library="SeleniumLibrary">
<doc>Simulates the user pressing key(s) to an element or on the active browser.</doc>
<arguments>
<arg>${TEXT_FIELDS}</arg>
<arg>ENTER</arg>
</arguments>
<msg timestamp="20201213 15:16:29.415" level="INFO">Sending key(s) ('ENTER',) to xpath://*[@class="new-todo"] element.</msg>
<msg timestamp="20201213 15:16:29.699" level="INFO">Pressing special key ENTER to element.</msg>
<msg timestamp="20201213 15:16:29.699" level="INFO">Releasing special key ENTER.</msg>
<status status="PASS" starttime="20201213 15:16:29.415" endtime="20201213 15:16:29.756"></status>
</kw>
<kw name="Element Attribute Value Should Be" library="SeleniumLibrary">
<doc>Verifies element identified by ``locator`` contains expected attribute value.</doc>
<arguments>
<arg>${ACTUAL_TEXT}</arg>
<arg>value</arg>
<arg>${TASK}</arg>
</arguments>
<msg timestamp="20201213 15:16:29.781" level="INFO">Element 'xpath://*[@class="edit"]' attribute 'value' contains value 'n70ti2FbG6qc'.</msg>
<status status="PASS" starttime="20201213 15:16:29.756" endtime="20201213 15:16:29.781"></status>
</kw>
<status status="PASS" starttime="20201213 15:16:29.342" endtime="20201213 15:16:29.782"></status>
</kw>
<kw name="Generate Random String" library="String">
<doc>Generates a string with a desired ``length`` from the given ``chars``.</doc>
<arguments>
<arg>12</arg>
</arguments>
<assign>
<var>${TASK1}</var>
</assign>
<msg timestamp="20201213 15:16:29.784" level="INFO">${TASK1} = OWoal9zbsiIb</msg>
<status status="PASS" starttime="20201213 15:16:29.784" endtime="20201213 15:16:29.784"></status>
</kw>
<kw name="Input Text" library="SeleniumLibrary">
<doc>Types the given ``text`` into the text field identified by ``locator``.</doc>
<arguments>
<arg>${TEXT_FIELDS}</arg>
<arg>${TASK1}</arg>
</arguments>
<msg timestamp="20201213 15:16:29.785" level="INFO">Typing text 'OWoal9zbsiIb' into text field 'xpath://*[@class="new-todo"]'.</msg>
<status status="PASS" starttime="20201213 15:16:29.785" endtime="20201213 15:16:29.859"></status>
</kw>
<kw name="Press Keys" library="SeleniumLibrary">
<doc>Simulates the user pressing key(s) to an element or on the active browser.</doc>
<arguments>
<arg>${TEXT_FIELDS}</arg>
<arg>ENTER</arg>
</arguments>
<msg timestamp="20201213 15:16:29.860" level="INFO">Sending key(s) ('ENTER',) to xpath://*[@class="new-todo"] element.</msg>
<msg timestamp="20201213 15:16:30.136" level="INFO">Pressing special key ENTER to element.</msg>
<msg timestamp="20201213 15:16:30.136" level="INFO">Releasing special key ENTER.</msg>
<status status="PASS" starttime="20201213 15:16:29.860" endtime="20201213 15:16:30.167"></status>
</kw>
<kw name="Element Attribute Value Should Be" library="SeleniumLibrary">
<doc>Verifies element identified by ``locator`` contains expected attribute value.</doc>
<arguments>
<arg>${ACTUAL_TEXT2}</arg>
<arg>value</arg>
<arg>${TASK1}</arg>
</arguments>
<msg timestamp="20201213 15:16:30.197" level="INFO">Element 'xpath:(//input[@class="edit"])[2]' attribute 'value' contains value 'OWoal9zbsiIb'.</msg>
<status status="PASS" starttime="20201213 15:16:30.167" endtime="20201213 15:16:30.197"></status>
</kw>
<kw name="Get Text" library="SeleniumLibrary">
<doc>Returns the text value of the element identified by ``locator``.</doc>
<arguments>
<arg>${TODO_COUNT}</arg>
</arguments>
<assign>
<var>${ITEMS_AMOUNT}</var>
</assign>
<msg timestamp="20201213 15:16:30.229" level="INFO">${ITEMS_AMOUNT} = 2 items left</msg>
<status status="PASS" starttime="20201213 15:16:30.198" endtime="20201213 15:16:30.229"></status>
</kw>
<kw name="Should Be Equal" library="BuiltIn">
<doc>Fails if the given objects are unequal.</doc>
<arguments>
<arg>${ITEMS_AMOUNT}</arg>
<arg>2 items left</arg>
</arguments>
<status status="PASS" starttime="20201213 15:16:30.230" endtime="20201213 15:16:30.231"></status>
</kw>
<kw name="Close All Browsers" library="SeleniumLibrary" type="teardown">
<doc>Closes all open browsers and resets the browser cache.</doc>
<status status="PASS" starttime="20201213 15:16:30.231" endtime="20201213 15:16:30.946"></status>
</kw>
<status status="PASS" starttime="20201213 15:16:22.050" endtime="20201213 15:16:30.947" critical="yes"></status>
</test>
<test id="s1-t10" name="Test Case 10 - Verify amount of Active items when items moved to Complited items">
<kw name="Open TODOS App" library="keywords">
<kw name="Open Browser" library="SeleniumLibrary">
<doc>Opens a new browser instance to the optional ``url``.</doc>
<arguments>
<arg>${TODOLIST_URL}</arg>
<arg>${BROWSER}</arg>
</arguments>
<msg timestamp="20201213 15:16:30.950" level="INFO">Opening browser 'headlessfirefox' to base url 'http://todomvc.com/examples/react/#/'.</msg>
<msg timestamp="20201213 15:16:31.018" level="INFO">Firefox driver log is always forced to to: C:\Users\op671200\Documents\GitHub\TestingToDoList\Tests\geckodriver-377.log</msg>
<status status="PASS" starttime="20201213 15:16:30.950" endtime="20201213 15:16:38.351"></status>
</kw>
<kw name="Wait Until Page Contains Element" library="SeleniumLibrary">
<doc>Waits until the element ``locator`` appears on the current page.</doc>
<arguments>
<arg>${PLACEHOLDER}</arg>
</arguments>
<status status="PASS" starttime="20201213 15:16:38.351" endtime="20201213 15:16:38.658"></status>
</kw>
<status status="PASS" starttime="20201213 15:16:30.949" endtime="20201213 15:16:38.658"></status>
</kw>
<kw name="Add item to TODOS App" library="keywords">
<kw name="Generate Random String" library="String">
<doc>Generates a string with a desired ``length`` from the given ``chars``.</doc>
<arguments>
<arg>12</arg>
</arguments>
<assign>
<var>${TASK}</var>
</assign>
<msg timestamp="20201213 15:16:38.660" level="INFO">${TASK} = cXjcITzsrGUF</msg>
<status status="PASS" starttime="20201213 15:16:38.660" endtime="20201213 15:16:38.660"></status>
</kw>
<kw name="Input Text" library="SeleniumLibrary">
<doc>Types the given ``text`` into the text field identified by ``locator``.</doc>
<arguments>
<arg>${TEXT_FIELDS}</arg>
<arg>${TASK}</arg>
</arguments>
<msg timestamp="20201213 15:16:38.660" level="INFO">Typing text 'cXjcITzsrGUF' into text field 'xpath://*[@class="new-todo"]'.</msg>
<status status="PASS" starttime="20201213 15:16:38.660" endtime="20201213 15:16:38.728"></status>
</kw>
<kw name="Press Keys" library="SeleniumLibrary">
<doc>Simulates the user pressing key(s) to an element or on the active browser.</doc>
<arguments>
<arg>${TEXT_FIELDS}</arg>
<arg>ENTER</arg>
</arguments>
<msg timestamp="20201213 15:16:38.729" level="INFO">Sending key(s) ('ENTER',) to xpath://*[@class="new-todo"] element.</msg>
<msg timestamp="20201213 15:16:39.013" level="INFO">Pressing special key ENTER to element.</msg>
<msg timestamp="20201213 15:16:39.013" level="INFO">Releasing special key ENTER.</msg>
<status status="PASS" starttime="20201213 15:16:38.729" endtime="20201213 15:16:39.061"></status>
</kw>
<kw name="Element Attribute Value Should Be" library="SeleniumLibrary">
<doc>Verifies element identified by ``locator`` contains expected attribute value.</doc>
<arguments>
<arg>${ACTUAL_TEXT}</arg>
<arg>value</arg>
<arg>${TASK}</arg>
</arguments>
<msg timestamp="20201213 15:16:39.079" level="INFO">Element 'xpath://*[@class="edit"]' attribute 'value' contains value 'cXjcITzsrGUF'.</msg>
<status status="PASS" starttime="20201213 15:16:39.061" endtime="20201213 15:16:39.079"></status>
</kw>
<status status="PASS" starttime="20201213 15:16:38.659" endtime="20201213 15:16:39.079"></status>
</kw>
<kw name="Move Active item to Completed" library="keywords">
<kw name="Mouse Over" library="SeleniumLibrary">
<doc>Simulates hovering the mouse over the element ``locator``.</doc>
<arguments>
<arg>${TODOS_TASK}</arg>
</arguments>
<msg timestamp="20201213 15:16:39.081" level="INFO">Simulating Mouse Over on element 'xpath://*[@class="todo-list"]'.</msg>
<status status="PASS" starttime="20201213 15:16:39.081" endtime="20201213 15:16:39.389"></status>
</kw>
<kw name="Select Checkbox" library="SeleniumLibrary">
<doc>Selects the checkbox identified by ``locator``.</doc>
<arguments>
<arg>${LIST_CHECKBOX}</arg>
</arguments>
<msg timestamp="20201213 15:16:39.390" level="INFO">Selecting checkbox 'xpath://*[@class="toggle"]'.</msg>
<status status="PASS" starttime="20201213 15:16:39.389" endtime="20201213 15:16:39.650"></status>
</kw>
<kw name="Page Should Contain Element" library="SeleniumLibrary">
<doc>Verifies that element ``locator`` is found on the current page.</doc>
<arguments>
<arg>${CLEAR_COMPLETED_LINK}</arg>
</arguments>
<msg timestamp="20201213 15:16:39.657" level="INFO">Current page contains element 'xpath://*[@class="clear-completed"]'.</msg>
<status status="PASS" starttime="20201213 15:16:39.650" endtime="20201213 15:16:39.657"></status>
</kw>
<kw name="Element Text Should Be" library="SeleniumLibrary">
<doc>Verifies that element ``locator`` contains exact the text ``expected``.</doc>
<arguments>
<arg>${CLEAR_COMPLETED_LINK}</arg>
<arg>Clear completed</arg>
</arguments>
<msg timestamp="20201213 15:16:39.657" level="INFO">Verifying element 'xpath://*[@class="clear-completed"]' contains exact text 'Clear completed'.</msg>
<status status="PASS" starttime="20201213 15:16:39.657" endtime="20201213 15:16:39.683"></status>
</kw>
<status status="PASS" starttime="20201213 15:16:39.080" endtime="20201213 15:16:39.683"></status>
</kw>
<kw name="Get Text" library="SeleniumLibrary">
<doc>Returns the text value of the element identified by ``locator``.</doc>
<arguments>
<arg>${TODO_COUNT}</arg>
</arguments>
<assign>
<var>${ITEMS_AMOUNT}</var>
</assign>
<msg timestamp="20201213 15:16:39.713" level="INFO">${ITEMS_AMOUNT} = 0 items left</msg>
<status status="PASS" starttime="20201213 15:16:39.683" endtime="20201213 15:16:39.713"></status>
</kw>
<kw name="Should Be Equal" library="BuiltIn">
<doc>Fails if the given objects are unequal.</doc>
<arguments>
<arg>${ITEMS_AMOUNT}</arg>
<arg>0 items left</arg>
</arguments>
<status status="PASS" starttime="20201213 15:16:39.713" endtime="20201213 15:16:39.714"></status>
</kw>
<kw name="Close All Browsers" library="SeleniumLibrary" type="teardown">
<doc>Closes all open browsers and resets the browser cache.</doc>
<status status="PASS" starttime="20201213 15:16:39.714" endtime="20201213 15:16:40.356"></status>
</kw>
<status status="PASS" starttime="20201213 15:16:30.949" endtime="20201213 15:16:40.356" critical="yes"></status>
</test>
<test id="s1-t11" name="Test Case 11 - Move items to Complited with arrow button">
<kw name="Open TODOS App" library="keywords">
<kw name="Open Browser" library="SeleniumLibrary">
<doc>Opens a new browser instance to the optional ``url``.</doc>
<arguments>
<arg>${TODOLIST_URL}</arg>
<arg>${BROWSER}</arg>
</arguments>
<msg timestamp="20201213 15:16:40.359" level="INFO">Opening browser 'headlessfirefox' to base url 'http://todomvc.com/examples/react/#/'.</msg>
<msg timestamp="20201213 15:16:40.428" level="INFO">Firefox driver log is always forced to to: C:\Users\op671200\Documents\GitHub\TestingToDoList\Tests\geckodriver-378.log</msg>
<status status="PASS" starttime="20201213 15:16:40.358" endtime="20201213 15:16:47.694"></status>
</kw>
<kw name="Wait Until Page Contains Element" library="SeleniumLibrary">
<doc>Waits until the element ``locator`` appears on the current page.</doc>
<arguments>
<arg>${PLACEHOLDER}</arg>
</arguments>
<status status="PASS" starttime="20201213 15:16:47.694" endtime="20201213 15:16:47.928"></status>
</kw>
<status status="PASS" starttime="20201213 15:16:40.358" endtime="20201213 15:16:47.928"></status>
</kw>
<kw name="Add item to TODOS App" library="keywords">
<kw name="Generate Random String" library="String">
<doc>Generates a string with a desired ``length`` from the given ``chars``.</doc>
<arguments>
<arg>12</arg>
</arguments>
<assign>
<var>${TASK}</var>
</assign>
<msg timestamp="20201213 15:16:47.930" level="INFO">${TASK} = RXZmgqgGBNH6</msg>
<status status="PASS" starttime="20201213 15:16:47.929" endtime="20201213 15:16:47.930"></status>
</kw>
<kw name="Input Text" library="SeleniumLibrary">
<doc>Types the given ``text`` into the text field identified by ``locator``.</doc>
<arguments>
<arg>${TEXT_FIELDS}</arg>
<arg>${TASK}</arg>
</arguments>
<msg timestamp="20201213 15:16:47.930" level="INFO">Typing text 'RXZmgqgGBNH6' into text field 'xpath://*[@class="new-todo"]'.</msg>
<status status="PASS" starttime="20201213 15:16:47.930" endtime="20201213 15:16:47.986"></status>
</kw>
<kw name="Press Keys" library="SeleniumLibrary">
<doc>Simulates the user pressing key(s) to an element or on the active browser.</doc>
<arguments>
<arg>${TEXT_FIELDS}</arg>
<arg>ENTER</arg>
</arguments>
<msg timestamp="20201213 15:16:47.986" level="INFO">Sending key(s) ('ENTER',) to xpath://*[@class="new-todo"] element.</msg>
<msg timestamp="20201213 15:16:48.264" level="INFO">Pressing special key ENTER to element.</msg>
<msg timestamp="20201213 15:16:48.264" level="INFO">Releasing special key ENTER.</msg>
<status status="PASS" starttime="20201213 15:16:47.986" endtime="20201213 15:16:48.302"></status>
</kw>
<kw name="Element Attribute Value Should Be" library="SeleniumLibrary">
<doc>Verifies element identified by ``locator`` contains expected attribute value.</doc>
<arguments>
<arg>${ACTUAL_TEXT}</arg>
<arg>value</arg>
<arg>${TASK}</arg>
</arguments>
<msg timestamp="20201213 15:16:48.326" level="INFO">Element 'xpath://*[@class="edit"]' attribute 'value' contains value 'RXZmgqgGBNH6'.</msg>
<status status="PASS" starttime="20201213 15:16:48.302" endtime="20201213 15:16:48.326"></status>
</kw>
<status status="PASS" starttime="20201213 15:16:47.929" endtime="20201213 15:16:48.326"></status>
</kw>
<kw name="Move item to Completed with Arrow button" library="keywords">
<kw name="Click Element" library="SeleniumLibrary">
<doc>Click the element identified by ``locator``.</doc>
<arguments>
<arg>${ARROW_BUTTON}</arg>
</arguments>
<msg timestamp="20201213 15:16:48.328" level="INFO">Clicking element 'xpath://label[@for="toggle-all"]'.</msg>
<status status="PASS" starttime="20201213 15:16:48.328" endtime="20201213 15:16:48.567"></status>
</kw>
<kw name="Page Should Contain Element" library="SeleniumLibrary">
<doc>Verifies that element ``locator`` is found on the current page.</doc>
<arguments>
<arg>${CLEAR_COMPLETED_LINK}</arg>
</arguments>
<msg timestamp="20201213 15:16:48.577" level="INFO">Current page contains element 'xpath://*[@class="clear-completed"]'.</msg>
<status status="PASS" starttime="20201213 15:16:48.567" endtime="20201213 15:16:48.577"></status>
</kw>
<kw name="Element Text Should Be" library="SeleniumLibrary">
<doc>Verifies that element ``locator`` contains exact the text ``expected``.</doc>
<arguments>
<arg>${CLEAR_COMPLETED_LINK}</arg>
<arg>Clear completed</arg>
</arguments>
<msg timestamp="20201213 15:16:48.577" level="INFO">Verifying element 'xpath://*[@class="clear-completed"]' contains exact text 'Clear completed'.</msg>
<status status="PASS" starttime="20201213 15:16:48.577" endtime="20201213 15:16:48.607"></status>
</kw>
<status status="PASS" starttime="20201213 15:16:48.328" endtime="20201213 15:16:48.607"></status>
</kw>
<kw name="Close All Browsers" library="SeleniumLibrary" type="teardown">
<doc>Closes all open browsers and resets the browser cache.</doc>
<status status="PASS" starttime="20201213 15:16:48.608" endtime="20201213 15:16:49.386"></status>
</kw>
<status status="PASS" starttime="20201213 15:16:40.357" endtime="20201213 15:16:49.387" critical="yes"></status>
</test>
<test id="s1-t12" name="Test Case 12 - Move items from Completed to Active with arrow button">
<kw name="Open TODOS App" library="keywords">
<kw name="Open Browser" library="SeleniumLibrary">
<doc>Opens a new browser instance to the optional ``url``.</doc>
<arguments>
<arg>${TODOLIST_URL}</arg>
<arg>${BROWSER}</arg>
</arguments>
<msg timestamp="20201213 15:16:49.392" level="INFO">Opening browser 'headlessfirefox' to base url 'http://todomvc.com/examples/react/#/'.</msg>
<msg timestamp="20201213 15:16:49.472" level="INFO">Firefox driver log is always forced to to: C:\Users\op671200\Documents\GitHub\TestingToDoList\Tests\geckodriver-379.log</msg>
<status status="PASS" starttime="20201213 15:16:49.392" endtime="20201213 15:16:56.837"></status>
</kw>
<kw name="Wait Until Page Contains Element" library="SeleniumLibrary">
<doc>Waits until the element ``locator`` appears on the current page.</doc>
<arguments>
<arg>${PLACEHOLDER}</arg>
</arguments>
<status status="PASS" starttime="20201213 15:16:56.838" endtime="20201213 15:16:57.095"></status>
</kw>
<status status="PASS" starttime="20201213 15:16:49.391" endtime="20201213 15:16:57.095"></status>
</kw>
<kw name="Add item to TODOS App" library="keywords">
<kw name="Generate Random String" library="String">
<doc>Generates a string with a desired ``length`` from the given ``chars``.</doc>
<arguments>
<arg>12</arg>
</arguments>
<assign>
<var>${TASK}</var>
</assign>
<msg timestamp="20201213 15:16:57.097" level="INFO">${TASK} = pFf1NjBvWhZz</msg>
<status status="PASS" starttime="20201213 15:16:57.097" endtime="20201213 15:16:57.097"></status>
</kw>
<kw name="Input Text" library="SeleniumLibrary">
<doc>Types the given ``text`` into the text field identified by ``locator``.</doc>
<arguments>
<arg>${TEXT_FIELDS}</arg>
<arg>${TASK}</arg>
</arguments>
<msg timestamp="20201213 15:16:57.097" level="INFO">Typing text 'pFf1NjBvWhZz' into text field 'xpath://*[@class="new-todo"]'.</msg>
<status status="PASS" starttime="20201213 15:16:57.097" endtime="20201213 15:16:57.153"></status>
</kw>
<kw name="Press Keys" library="SeleniumLibrary">
<doc>Simulates the user pressing key(s) to an element or on the active browser.</doc>
<arguments>
<arg>${TEXT_FIELDS}</arg>
<arg>ENTER</arg>
</arguments>
<msg timestamp="20201213 15:16:57.154" level="INFO">Sending key(s) ('ENTER',) to xpath://*[@class="new-todo"] element.</msg>
<msg timestamp="20201213 15:16:57.435" level="INFO">Pressing special key ENTER to element.</msg>
<msg timestamp="20201213 15:16:57.435" level="INFO">Releasing special key ENTER.</msg>
<status status="PASS" starttime="20201213 15:16:57.153" endtime="20201213 15:16:57.463"></status>
</kw>
<kw name="Element Attribute Value Should Be" library="SeleniumLibrary">
<doc>Verifies element identified by ``locator`` contains expected attribute value.</doc>
<arguments>
<arg>${ACTUAL_TEXT}</arg>
<arg>value</arg>
<arg>${TASK}</arg>
</arguments>
<msg timestamp="20201213 15:16:57.482" level="INFO">Element 'xpath://*[@class="edit"]' attribute 'value' contains value 'pFf1NjBvWhZz'.</msg>
<status status="PASS" starttime="20201213 15:16:57.463" endtime="20201213 15:16:57.482"></status>
</kw>
<status status="PASS" starttime="20201213 15:16:57.096" endtime="20201213 15:16:57.482"></status>
</kw>
<kw name="Move item to Completed with Arrow button" library="keywords">
<kw name="Click Element" library="SeleniumLibrary">
<doc>Click the element identified by ``locator``.</doc>
<arguments>
<arg>${ARROW_BUTTON}</arg>
</arguments>
<msg timestamp="20201213 15:16:57.484" level="INFO">Clicking element 'xpath://label[@for="toggle-all"]'.</msg>
<status status="PASS" starttime="20201213 15:16:57.483" endtime="20201213 15:16:57.715"></status>
</kw>
<kw name="Page Should Contain Element" library="SeleniumLibrary">
<doc>Verifies that element ``locator`` is found on the current page.</doc>
<arguments>
<arg>${CLEAR_COMPLETED_LINK}</arg>
</arguments>
<msg timestamp="20201213 15:16:57.743" level="INFO">Current page contains element 'xpath://*[@class="clear-completed"]'.</msg>
<status status="PASS" starttime="20201213 15:16:57.715" endtime="20201213 15:16:57.743"></status>
</kw>
<kw name="Element Text Should Be" library="SeleniumLibrary">
<doc>Verifies that element ``locator`` contains exact the text ``expected``.</doc>
<arguments>
<arg>${CLEAR_COMPLETED_LINK}</arg>
<arg>Clear completed</arg>
</arguments>
<msg timestamp="20201213 15:16:57.744" level="INFO">Verifying element 'xpath://*[@class="clear-completed"]' contains exact text 'Clear completed'.</msg>
<status status="PASS" starttime="20201213 15:16:57.744" endtime="20201213 15:16:57.776"></status>
</kw>
<status status="PASS" starttime="20201213 15:16:57.483" endtime="20201213 15:16:57.776"></status>
</kw>
<kw name="Click Element" library="SeleniumLibrary">
<doc>Click the element identified by ``locator``.</doc>
<arguments>
<arg>${ARROW_BUTTON}</arg>
</arguments>
<msg timestamp="20201213 15:16:57.778" level="INFO">Clicking element 'xpath://label[@for="toggle-all"]'.</msg>
<status status="PASS" starttime="20201213 15:16:57.778" endtime="20201213 15:16:58.010"></status>
</kw>
<kw name="Page Should Not Contain Element" library="SeleniumLibrary">
<doc>Verifies that element ``locator`` is found on the current page.</doc>
<arguments>
<arg>${CLEAR_COMPLETED_LINK}</arg>
</arguments>
<msg timestamp="20201213 15:16:58.029" level="INFO">Current page does not contain element 'xpath://*[@class="clear-completed"]'.</msg>
<status status="PASS" starttime="20201213 15:16:58.012" endtime="20201213 15:16:58.029"></status>
</kw>
<kw name="Check items amount" library="keywords">
<kw name="Get Text" library="SeleniumLibrary">
<doc>Returns the text value of the element identified by ``locator``.</doc>
<arguments>
<arg>${TODO_COUNT}</arg>
</arguments>
<assign>
<var>${ITEMS_AMOUNT}</var>
</assign>
<msg timestamp="20201213 15:16:58.063" level="INFO">${ITEMS_AMOUNT} = 1 item left</msg>
<status status="PASS" starttime="20201213 15:16:58.032" endtime="20201213 15:16:58.063"></status>
</kw>
<kw name="Should Be Equal" library="BuiltIn">
<doc>Fails if the given objects are unequal.</doc>
<arguments>
<arg>${ITEMS_AMOUNT}</arg>
<arg>1 item left</arg>
</arguments>
<status status="PASS" starttime="20201213 15:16:58.063" endtime="20201213 15:16:58.064"></status>
</kw>
<status status="PASS" starttime="20201213 15:16:58.031" endtime="20201213 15:16:58.064"></status>
</kw>
<kw name="Close All Browsers" library="SeleniumLibrary" type="teardown">
<doc>Closes all open browsers and resets the browser cache.</doc>
<status status="PASS" starttime="20201213 15:16:58.064" endtime="20201213 15:16:58.818"></status>
</kw>
<status status="PASS" starttime="20201213 15:16:49.390" endtime="20201213 15:16:58.818" critical="yes"></status>
</test>
<status status="PASS" starttime="20201213 15:15:05.324" endtime="20201213 15:16:58.821"></status>
</suite>
<statistics>
<total>
<stat pass="12" fail="0">Critical Tests</stat>
<stat pass="12" fail="0">All Tests</stat>
</total>
<tag>
</tag>
<suite>
<stat pass="12" fail="0" id="s1" name="Tests">Tests</stat>
</suite>
</statistics>
<errors>
</errors>
</robot>
