<?xml version="1.0" encoding="UTF-8"?>
<robot generator="Robot 3.2.2 (Python 3.8.5 on win32)" generated="20201213 15:42:08.630" rpa="false">
<suite id="s1" name="Tests" source="C:\Users\op671200\Documents\GitHub\TestingToDoList\Tests\tests.robot">
<test id="s1-t1" name="Test Case 1 - Add item to todos list">
<kw name="Open TODOS App" library="keywords">
<kw name="Open Browser" library="SeleniumLibrary">
<doc>Opens a new browser instance to the optional ``url``.</doc>
<arguments>
<arg>${TODOLIST_URL}</arg>
<arg>${BROWSER}</arg>
</arguments>
<msg timestamp="20201213 15:42:09.096" level="INFO">Opening browser 'headlessfirefox' to base url 'http://todomvc.com/examples/react/#/'.</msg>
<msg timestamp="20201213 15:42:09.100" level="INFO">Firefox driver log is always forced to to: C:\Users\op671200\Documents\GitHub\TestingToDoList\Results\geckodriver-1.log</msg>
<status status="PASS" starttime="20201213 15:42:09.096" endtime="20201213 15:42:16.586"></status>
</kw>
<kw name="Wait Until Page Contains Element" library="SeleniumLibrary">
<doc>Waits until the element ``locator`` appears on the current page.</doc>
<arguments>
<arg>${PLACEHOLDER}</arg>
</arguments>
<status status="PASS" starttime="20201213 15:42:16.586" endtime="20201213 15:42:16.821"></status>
</kw>
<status status="PASS" starttime="20201213 15:42:09.095" endtime="20201213 15:42:16.821"></status>
</kw>
<kw name="Add item to TODOS App" library="keywords">
<kw name="Generate Random String" library="String">
<doc>Generates a string with a desired ``length`` from the given ``chars``.</doc>
<arguments>
<arg>12</arg>
</arguments>
<assign>
<var>${TASK}</var>
</assign>
<msg timestamp="20201213 15:42:16.822" level="INFO">${TASK} = q1RozrL7r6cG</msg>
<status status="PASS" starttime="20201213 15:42:16.822" endtime="20201213 15:42:16.822"></status>
</kw>
<kw name="Input Text" library="SeleniumLibrary">
<doc>Types the given ``text`` into the text field identified by ``locator``.</doc>
<arguments>
<arg>${TEXT_FIELDS}</arg>
<arg>${TASK}</arg>
</arguments>
<msg timestamp="20201213 15:42:16.823" level="INFO">Typing text 'q1RozrL7r6cG' into text field 'xpath://*[@class="new-todo"]'.</msg>
<status status="PASS" starttime="20201213 15:42:16.822" endtime="20201213 15:42:16.900"></status>
</kw>
<kw name="Press Keys" library="SeleniumLibrary">
<doc>Simulates the user pressing key(s) to an element or on the active browser.</doc>
<arguments>
<arg>${TEXT_FIELDS}</arg>
<arg>ENTER</arg>
</arguments>
<msg timestamp="20201213 15:42:16.901" level="INFO">Sending key(s) ('ENTER',) to xpath://*[@class="new-todo"] element.</msg>
<msg timestamp="20201213 15:42:17.194" level="INFO">Pressing special key ENTER to element.</msg>
<msg timestamp="20201213 15:42:17.194" level="INFO">Releasing special key ENTER.</msg>
<status status="PASS" starttime="20201213 15:42:16.901" endtime="20201213 15:42:17.230"></status>
</kw>
<kw name="Element Attribute Value Should Be" library="SeleniumLibrary">
<doc>Verifies element identified by ``locator`` contains expected attribute value.</doc>
<arguments>
<arg>${ACTUAL_TEXT}</arg>
<arg>value</arg>
<arg>${TASK}</arg>
</arguments>
<msg timestamp="20201213 15:42:17.253" level="INFO">Element 'xpath://*[@class="edit"]' attribute 'value' contains value 'q1RozrL7r6cG'.</msg>
<status status="PASS" starttime="20201213 15:42:17.230" endtime="20201213 15:42:17.253"></status>
</kw>
<status status="PASS" starttime="20201213 15:42:16.822" endtime="20201213 15:42:17.254"></status>
</kw>
<kw name="Close All Browsers" library="SeleniumLibrary" type="teardown">
<doc>Closes all open browsers and resets the browser cache.</doc>
<status status="PASS" starttime="20201213 15:42:17.254" endtime="20201213 15:42:18.100"></status>
</kw>
<status status="PASS" starttime="20201213 15:42:09.095" endtime="20201213 15:42:18.100" critical="yes"></status>
</test>
<test id="s1-t2" name="Test Case 2 - Delete item from todos list">
<kw name="Open TODOS App" library="keywords">
<kw name="Open Browser" library="SeleniumLibrary">
<doc>Opens a new browser instance to the optional ``url``.</doc>
<arguments>
<arg>${TODOLIST_URL}</arg>
<arg>${BROWSER}</arg>
</arguments>
<msg timestamp="20201213 15:42:18.105" level="INFO">Opening browser 'headlessfirefox' to base url 'http://todomvc.com/examples/react/#/'.</msg>
<msg timestamp="20201213 15:42:18.108" level="INFO">Firefox driver log is always forced to to: C:\Users\op671200\Documents\GitHub\TestingToDoList\Results\geckodriver-2.log</msg>
<status status="PASS" starttime="20201213 15:42:18.104" endtime="20201213 15:42:24.925"></status>
</kw>
<kw name="Wait Until Page Contains Element" library="SeleniumLibrary">
<doc>Waits until the element ``locator`` appears on the current page.</doc>
<arguments>
<arg>${PLACEHOLDER}</arg>
</arguments>
<status status="PASS" starttime="20201213 15:42:24.925" endtime="20201213 15:42:25.184"></status>
</kw>
<status status="PASS" starttime="20201213 15:42:18.104" endtime="20201213 15:42:25.184"></status>
</kw>
<kw name="Add item to TODOS App" library="keywords">
<kw name="Generate Random String" library="String">
<doc>Generates a string with a desired ``length`` from the given ``chars``.</doc>
<arguments>
<arg>12</arg>
</arguments>
<assign>
<var>${TASK}</var>
</assign>
<msg timestamp="20201213 15:42:25.186" level="INFO">${TASK} = Oc2MaGGl7VIb</msg>
<status status="PASS" starttime="20201213 15:42:25.185" endtime="20201213 15:42:25.186"></status>
</kw>
<kw name="Input Text" library="SeleniumLibrary">
<doc>Types the given ``text`` into the text field identified by ``locator``.</doc>
<arguments>
<arg>${TEXT_FIELDS}</arg>
<arg>${TASK}</arg>
</arguments>
<msg timestamp="20201213 15:42:25.186" level="INFO">Typing text 'Oc2MaGGl7VIb' into text field 'xpath://*[@class="new-todo"]'.</msg>
<status status="PASS" starttime="20201213 15:42:25.186" endtime="20201213 15:42:25.271"></status>
</kw>
<kw name="Press Keys" library="SeleniumLibrary">
<doc>Simulates the user pressing key(s) to an element or on the active browser.</doc>
<arguments>
<arg>${TEXT_FIELDS}</arg>
<arg>ENTER</arg>
</arguments>
<msg timestamp="20201213 15:42:25.272" level="INFO">Sending key(s) ('ENTER',) to xpath://*[@class="new-todo"] element.</msg>
<msg timestamp="20201213 15:42:25.555" level="INFO">Pressing special key ENTER to element.</msg>
<msg timestamp="20201213 15:42:25.556" level="INFO">Releasing special key ENTER.</msg>
<status status="PASS" starttime="20201213 15:42:25.272" endtime="20201213 15:42:25.586"></status>
</kw>
<kw name="Element Attribute Value Should Be" library="SeleniumLibrary">
<doc>Verifies element identified by ``locator`` contains expected attribute value.</doc>
<arguments>
<arg>${ACTUAL_TEXT}</arg>
<arg>value</arg>
<arg>${TASK}</arg>
</arguments>
<msg timestamp="20201213 15:42:25.606" level="INFO">Element 'xpath://*[@class="edit"]' attribute 'value' contains value 'Oc2MaGGl7VIb'.</msg>
<status status="PASS" starttime="20201213 15:42:25.586" endtime="20201213 15:42:25.606"></status>
</kw>
<status status="PASS" starttime="20201213 15:42:25.185" endtime="20201213 15:42:25.607"></status>
</kw>
<kw name="Mouse Over" library="SeleniumLibrary">
<doc>Simulates hovering the mouse over the element ``locator``.</doc>
<arguments>
<arg>${TODOS_TASK}</arg>
</arguments>
<msg timestamp="20201213 15:42:25.607" level="INFO">Simulating Mouse Over on element 'xpath://*[@class="todo-list"]'.</msg>
<status status="PASS" starttime="20201213 15:42:25.607" endtime="20201213 15:42:25.882"></status>
</kw>
<kw name="Click Element" library="SeleniumLibrary">
<doc>Click the element identified by ``locator``.</doc>
<arguments>
<arg>${CLOSE_BUTTON}</arg>
</arguments>
<msg timestamp="20201213 15:42:25.884" level="INFO">Clicking element 'xpath://*[@class="destroy"]'.</msg>
<status status="PASS" starttime="20201213 15:42:25.884" endtime="20201213 15:42:26.107"></status>
</kw>
<kw name="Page Should Not Contain Element" library="SeleniumLibrary">
<doc>Verifies that element ``locator`` is found on the current page.</doc>
<arguments>
<arg>${TODOS_LIST}</arg>
</arguments>
<msg timestamp="20201213 15:42:26.113" level="INFO">Current page does not contain element 'xpath://*[@class="main"]'.</msg>
<status status="PASS" starttime="20201213 15:42:26.108" endtime="20201213 15:42:26.113"></status>
</kw>
<kw name="Close All Browsers" library="SeleniumLibrary" type="teardown">
<doc>Closes all open browsers and resets the browser cache.</doc>
<status status="PASS" starttime="20201213 15:42:26.114" endtime="20201213 15:42:26.895"></status>
</kw>
<status status="PASS" starttime="20201213 15:42:18.102" endtime="20201213 15:42:26.896" critical="yes"></status>
</test>
<test id="s1-t3" name="Test Case 3 - Move item in todos to Complited">
<kw name="Open TODOS App" library="keywords">
<kw name="Open Browser" library="SeleniumLibrary">
<doc>Opens a new browser instance to the optional ``url``.</doc>
<arguments>
<arg>${TODOLIST_URL}</arg>
<arg>${BROWSER}</arg>
</arguments>
<msg timestamp="20201213 15:42:26.899" level="INFO">Opening browser 'headlessfirefox' to base url 'http://todomvc.com/examples/react/#/'.</msg>
<msg timestamp="20201213 15:42:26.901" level="INFO">Firefox driver log is always forced to to: C:\Users\op671200\Documents\GitHub\TestingToDoList\Results\geckodriver-3.log</msg>
<status status="PASS" starttime="20201213 15:42:26.899" endtime="20201213 15:42:34.389"></status>
</kw>
<kw name="Wait Until Page Contains Element" library="SeleniumLibrary">
<doc>Waits until the element ``locator`` appears on the current page.</doc>
<arguments>
<arg>${PLACEHOLDER}</arg>
</arguments>
<status status="PASS" starttime="20201213 15:42:34.389" endtime="20201213 15:42:34.787"></status>
</kw>
<status status="PASS" starttime="20201213 15:42:26.897" endtime="20201213 15:42:34.788"></status>
</kw>
<kw name="Add item to TODOS App" library="keywords">
<kw name="Generate Random String" library="String">
<doc>Generates a string with a desired ``length`` from the given ``chars``.</doc>
<arguments>
<arg>12</arg>
</arguments>
<assign>
<var>${TASK}</var>
</assign>
<msg timestamp="20201213 15:42:34.789" level="INFO">${TASK} = Q6yLvdqylpL0</msg>
<status status="PASS" starttime="20201213 15:42:34.789" endtime="20201213 15:42:34.789"></status>
</kw>
<kw name="Input Text" library="SeleniumLibrary">
<doc>Types the given ``text`` into the text field identified by ``locator``.</doc>
<arguments>
<arg>${TEXT_FIELDS}</arg>
<arg>${TASK}</arg>
</arguments>
<msg timestamp="20201213 15:42:34.789" level="INFO">Typing text 'Q6yLvdqylpL0' into text field 'xpath://*[@class="new-todo"]'.</msg>
<status status="PASS" starttime="20201213 15:42:34.789" endtime="20201213 15:42:34.933"></status>
</kw>
<kw name="Press Keys" library="SeleniumLibrary">
<doc>Simulates the user pressing key(s) to an element or on the active browser.</doc>
<arguments>
<arg>${TEXT_FIELDS}</arg>
<arg>ENTER</arg>
</arguments>
<msg timestamp="20201213 15:42:34.934" level="INFO">Sending key(s) ('ENTER',) to xpath://*[@class="new-todo"] element.</msg>
<msg timestamp="20201213 15:42:35.239" level="INFO">Pressing special key ENTER to element.</msg>
<msg timestamp="20201213 15:42:35.239" level="INFO">Releasing special key ENTER.</msg>
<status status="PASS" starttime="20201213 15:42:34.933" endtime="20201213 15:42:35.307"></status>
</kw>
<kw name="Element Attribute Value Should Be" library="SeleniumLibrary">
<doc>Verifies element identified by ``locator`` contains expected attribute value.</doc>
<arguments>
<arg>${ACTUAL_TEXT}</arg>
<arg>value</arg>
<arg>${TASK}</arg>
</arguments>
<msg timestamp="20201213 15:42:35.342" level="INFO">Element 'xpath://*[@class="edit"]' attribute 'value' contains value 'Q6yLvdqylpL0'.</msg>
<status status="PASS" starttime="20201213 15:42:35.307" endtime="20201213 15:42:35.342"></status>
</kw>
<status status="PASS" starttime="20201213 15:42:34.788" endtime="20201213 15:42:35.342"></status>
</kw>
<kw name="Move Active item to Completed" library="keywords">
<kw name="Mouse Over" library="SeleniumLibrary">
<doc>Simulates hovering the mouse over the element ``locator``.</doc>
<arguments>
<arg>${TODOS_TASK}</arg>
</arguments>
<msg timestamp="20201213 15:42:35.344" level="INFO">Simulating Mouse Over on element 'xpath://*[@class="todo-list"]'.</msg>
<status status="PASS" starttime="20201213 15:42:35.344" endtime="20201213 15:42:35.636"></status>
</kw>
<kw name="Select Checkbox" library="SeleniumLibrary">
<doc>Selects the checkbox identified by ``locator``.</doc>
<arguments>
<arg>${LIST_CHECKBOX}</arg>
</arguments>
<msg timestamp="20201213 15:42:35.637" level="INFO">Selecting checkbox 'xpath://*[@class="toggle"]'.</msg>
<status status="PASS" starttime="20201213 15:42:35.636" endtime="20201213 15:42:35.919"></status>
</kw>
<kw name="Page Should Contain Element" library="SeleniumLibrary">
<doc>Verifies that element ``locator`` is found on the current page.</doc>
<arguments>
<arg>${CLEAR_COMPLETED_LINK}</arg>
</arguments>
<msg timestamp="20201213 15:42:35.925" level="INFO">Current page contains element 'xpath://*[@class="clear-completed"]'.</msg>
<status status="PASS" starttime="20201213 15:42:35.919" endtime="20201213 15:42:35.925"></status>
</kw>
<kw name="Element Text Should Be" library="SeleniumLibrary">
<doc>Verifies that element ``locator`` contains exact the text ``expected``.</doc>
<arguments>
<arg>${CLEAR_COMPLETED_LINK}</arg>
<arg>Clear completed</arg>
</arguments>
<msg timestamp="20201213 15:42:35.926" level="INFO">Verifying element 'xpath://*[@class="clear-completed"]' contains exact text 'Clear completed'.</msg>
<status status="PASS" starttime="20201213 15:42:35.926" endtime="20201213 15:42:35.957"></status>
</kw>
<status status="PASS" starttime="20201213 15:42:35.343" endtime="20201213 15:42:35.957"></status>
</kw>
<kw name="Close All Browsers" library="SeleniumLibrary" type="teardown">
<doc>Closes all open browsers and resets the browser cache.</doc>
<status status="PASS" starttime="20201213 15:42:35.958" endtime="20201213 15:42:36.796"></status>
</kw>
<status status="PASS" starttime="20201213 15:42:26.897" endtime="20201213 15:42:36.796" critical="yes"></status>
</test>
<test id="s1-t4" name="Test Case 4 - Make Complited item in todos active again">
<kw name="Open TODOS App" library="keywords">
<kw name="Open Browser" library="SeleniumLibrary">
<doc>Opens a new browser instance to the optional ``url``.</doc>
<arguments>
<arg>${TODOLIST_URL}</arg>
<arg>${BROWSER}</arg>
</arguments>
<msg timestamp="20201213 15:42:36.801" level="INFO">Opening browser 'headlessfirefox' to base url 'http://todomvc.com/examples/react/#/'.</msg>
<msg timestamp="20201213 15:42:36.805" level="INFO">Firefox driver log is always forced to to: C:\Users\op671200\Documents\GitHub\TestingToDoList\Results\geckodriver-4.log</msg>
<status status="PASS" starttime="20201213 15:42:36.800" endtime="20201213 15:42:45.175"></status>
</kw>
<kw name="Wait Until Page Contains Element" library="SeleniumLibrary">
<doc>Waits until the element ``locator`` appears on the current page.</doc>
<arguments>
<arg>${PLACEHOLDER}</arg>
</arguments>
<status status="PASS" starttime="20201213 15:42:45.175" endtime="20201213 15:42:45.603"></status>
</kw>
<status status="PASS" starttime="20201213 15:42:36.800" endtime="20201213 15:42:45.603"></status>
</kw>
<kw name="Add item to TODOS App" library="keywords">
<kw name="Generate Random String" library="String">
<doc>Generates a string with a desired ``length`` from the given ``chars``.</doc>
<arguments>
<arg>12</arg>
</arguments>
<assign>
<var>${TASK}</var>
</assign>
<msg timestamp="20201213 15:42:45.605" level="INFO">${TASK} = K1j3HVsXmb1n</msg>
<status status="PASS" starttime="20201213 15:42:45.605" endtime="20201213 15:42:45.605"></status>
</kw>
<kw name="Input Text" library="SeleniumLibrary">
<doc>Types the given ``text`` into the text field identified by ``locator``.</doc>
<arguments>
<arg>${TEXT_FIELDS}</arg>
<arg>${TASK}</arg>
</arguments>
<msg timestamp="20201213 15:42:45.606" level="INFO">Typing text 'K1j3HVsXmb1n' into text field 'xpath://*[@class="new-todo"]'.</msg>
<status status="PASS" starttime="20201213 15:42:45.605" endtime="20201213 15:42:45.669"></status>
</kw>
<kw name="Press Keys" library="SeleniumLibrary">
<doc>Simulates the user pressing key(s) to an element or on the active browser.</doc>
<arguments>
<arg>${TEXT_FIELDS}</arg>
<arg>ENTER</arg>
</arguments>
<msg timestamp="20201213 15:42:45.670" level="INFO">Sending key(s) ('ENTER',) to xpath://*[@class="new-todo"] element.</msg>
<msg timestamp="20201213 15:42:45.954" level="INFO">Pressing special key ENTER to element.</msg>
<msg timestamp="20201213 15:42:45.954" level="INFO">Releasing special key ENTER.</msg>
<status status="PASS" starttime="20201213 15:42:45.670" endtime="20201213 15:42:45.988"></status>
</kw>
<kw name="Element Attribute Value Should Be" library="SeleniumLibrary">
<doc>Verifies element identified by ``locator`` contains expected attribute value.</doc>
<arguments>
<arg>${ACTUAL_TEXT}</arg>
<arg>value</arg>
<arg>${TASK}</arg>
</arguments>
<msg timestamp="20201213 15:42:46.011" level="INFO">Element 'xpath://*[@class="edit"]' attribute 'value' contains value 'K1j3HVsXmb1n'.</msg>
<status status="PASS" starttime="20201213 15:42:45.989" endtime="20201213 15:42:46.011"></status>
</kw>
<status status="PASS" starttime="20201213 15:42:45.605" endtime="20201213 15:42:46.011"></status>
</kw>
<kw name="Move Active item to Completed" library="keywords">
<kw name="Mouse Over" library="SeleniumLibrary">
<doc>Simulates hovering the mouse over the element ``locator``.</doc>
<arguments>
<arg>${TODOS_TASK}</arg>
</arguments>
<msg timestamp="20201213 15:42:46.014" level="INFO">Simulating Mouse Over on element 'xpath://*[@class="todo-list"]'.</msg>
<status status="PASS" starttime="20201213 15:42:46.014" endtime="20201213 15:42:46.285"></status>
</kw>
<kw name="Select Checkbox" library="SeleniumLibrary">
<doc>Selects the checkbox identified by ``locator``.</doc>
<arguments>
<arg>${LIST_CHECKBOX}</arg>
</arguments>
<msg timestamp="20201213 15:42:46.285" level="INFO">Selecting checkbox 'xpath://*[@class="toggle"]'.</msg>
<status status="PASS" starttime="20201213 15:42:46.285" endtime="20201213 15:42:46.545"></status>
</kw>
<kw name="Page Should Contain Element" library="SeleniumLibrary">
<doc>Verifies that element ``locator`` is found on the current page.</doc>
<arguments>
<arg>${CLEAR_COMPLETED_LINK}</arg>
</arguments>
<msg timestamp="20201213 15:42:46.558" level="INFO">Current page contains element 'xpath://*[@class="clear-completed"]'.</msg>
<status status="PASS" starttime="20201213 15:42:46.545" endtime="20201213 15:42:46.559"></status>
</kw>
<kw name="Element Text Should Be" library="SeleniumLibrary">
<doc>Verifies that element ``locator`` contains exact the text ``expected``.</doc>
<arguments>
<arg>${CLEAR_COMPLETED_LINK}</arg>
<arg>Clear completed</arg>
</arguments>
<msg timestamp="20201213 15:42:46.559" level="INFO">Verifying element 'xpath://*[@class="clear-completed"]' contains exact text 'Clear completed'.</msg>
<status status="PASS" starttime="20201213 15:42:46.559" endtime="20201213 15:42:46.585"></status>
</kw>
<status status="PASS" starttime="20201213 15:42:46.014" endtime="20201213 15:42:46.586"></status>
</kw>
<kw name="Mouse Over" library="SeleniumLibrary">
<doc>Simulates hovering the mouse over the element ``locator``.</doc>
<arguments>
<arg>${TODOS_TASK}</arg>
</arguments>
<msg timestamp="20201213 15:42:46.588" level="INFO">Simulating Mouse Over on element 'xpath://*[@class="todo-list"]'.</msg>
<status status="PASS" starttime="20201213 15:42:46.587" endtime="20201213 15:42:46.857"></status>
</kw>
<kw name="Click Element" library="SeleniumLibrary">
<doc>Click the element identified by ``locator``.</doc>
<arguments>
<arg>${LIST_CHECKBOX}</arg>
</arguments>
<msg timestamp="20201213 15:42:46.858" level="INFO">Clicking element 'xpath://*[@class="toggle"]'.</msg>
<status status="PASS" starttime="20201213 15:42:46.858" endtime="20201213 15:42:47.106"></status>
</kw>
<kw name="Page Should Not Contain Element" library="SeleniumLibrary">
<doc>Verifies that element ``locator`` is found on the current page.</doc>
<arguments>
<arg>${CLEAR_COMPLETED_LINK}</arg>
</arguments>
<msg timestamp="20201213 15:42:47.119" level="INFO">Current page does not contain element 'xpath://*[@class="clear-completed"]'.</msg>
<status status="PASS" starttime="20201213 15:42:47.106" endtime="20201213 15:42:47.119"></status>
</kw>
<kw name="Check items amount" library="keywords">
<kw name="Get Text" library="SeleniumLibrary">
<doc>Returns the text value of the element identified by ``locator``.</doc>
<arguments>
<arg>${TODO_COUNT}</arg>
</arguments>
<assign>
<var>${ITEMS_AMOUNT}</var>
</assign>
<msg timestamp="20201213 15:42:47.153" level="INFO">${ITEMS_AMOUNT} = 1 item left</msg>
<status status="PASS" starttime="20201213 15:42:47.120" endtime="20201213 15:42:47.153"></status>
</kw>
<kw name="Should Be Equal" library="BuiltIn">
<doc>Fails if the given objects are unequal.</doc>
<arguments>
<arg>${ITEMS_AMOUNT}</arg>
<arg>1 item left</arg>
</arguments>
<status status="PASS" starttime="20201213 15:42:47.153" endtime="20201213 15:42:47.153"></status>
</kw>
<status status="PASS" starttime="20201213 15:42:47.120" endtime="20201213 15:42:47.154"></status>
</kw>
<kw name="Close All Browsers" library="SeleniumLibrary" type="teardown">
<doc>Closes all open browsers and resets the browser cache.</doc>
<status status="PASS" starttime="20201213 15:42:47.155" endtime="20201213 15:42:48.099"></status>
</kw>
<status status="PASS" starttime="20201213 15:42:36.799" endtime="20201213 15:42:48.099" critical="yes"></status>
</test>
<test id="s1-t5" name="Test Case 5 - Delete Complited item from todos">
<kw name="Open TODOS App" library="keywords">
<kw name="Open Browser" library="SeleniumLibrary">
<doc>Opens a new browser instance to the optional ``url``.</doc>
<arguments>
<arg>${TODOLIST_URL}</arg>
<arg>${BROWSER}</arg>
</arguments>
<msg timestamp="20201213 15:42:48.102" level="INFO">Opening browser 'headlessfirefox' to base url 'http://todomvc.com/examples/react/#/'.</msg>
<msg timestamp="20201213 15:42:48.107" level="INFO">Firefox driver log is always forced to to: C:\Users\op671200\Documents\GitHub\TestingToDoList\Results\geckodriver-5.log</msg>
<status status="PASS" starttime="20201213 15:42:48.102" endtime="20201213 15:42:56.546"></status>
</kw>
<kw name="Wait Until Page Contains Element" library="SeleniumLibrary">
<doc>Waits until the element ``locator`` appears on the current page.</doc>
<arguments>
<arg>${PLACEHOLDER}</arg>
</arguments>
<status status="PASS" starttime="20201213 15:42:56.546" endtime="20201213 15:42:56.820"></status>
</kw>
<status status="PASS" starttime="20201213 15:42:48.102" endtime="20201213 15:42:56.820"></status>
</kw>
<kw name="Add item to TODOS App" library="keywords">
<kw name="Generate Random String" library="String">
<doc>Generates a string with a desired ``length`` from the given ``chars``.</doc>
<arguments>
<arg>12</arg>
</arguments>
<assign>
<var>${TASK}</var>
</assign>
<msg timestamp="20201213 15:42:56.821" level="INFO">${TASK} = FTuyswiMkjFt</msg>
<status status="PASS" starttime="20201213 15:42:56.821" endtime="20201213 15:42:56.821"></status>
</kw>
<kw name="Input Text" library="SeleniumLibrary">
<doc>Types the given ``text`` into the text field identified by ``locator``.</doc>
<arguments>
<arg>${TEXT_FIELDS}</arg>
<arg>${TASK}</arg>
</arguments>
<msg timestamp="20201213 15:42:56.822" level="INFO">Typing text 'FTuyswiMkjFt' into text field 'xpath://*[@class="new-todo"]'.</msg>
<status status="PASS" starttime="20201213 15:42:56.822" endtime="20201213 15:42:56.896"></status>
</kw>
<kw name="Press Keys" library="SeleniumLibrary">
<doc>Simulates the user pressing key(s) to an element or on the active browser.</doc>
<arguments>
<arg>${TEXT_FIELDS}</arg>
<arg>ENTER</arg>
</arguments>
<msg timestamp="20201213 15:42:56.896" level="INFO">Sending key(s) ('ENTER',) to xpath://*[@class="new-todo"] element.</msg>
<msg timestamp="20201213 15:42:57.184" level="INFO">Pressing special key ENTER to element.</msg>
<msg timestamp="20201213 15:42:57.184" level="INFO">Releasing special key ENTER.</msg>
<status status="PASS" starttime="20201213 15:42:56.896" endtime="20201213 15:42:57.220"></status>
</kw>
<kw name="Element Attribute Value Should Be" library="SeleniumLibrary">
<doc>Verifies element identified by ``locator`` contains expected attribute value.</doc>
<arguments>
<arg>${ACTUAL_TEXT}</arg>
<arg>value</arg>
<arg>${TASK}</arg>
</arguments>
<msg timestamp="20201213 15:42:57.241" level="INFO">Element 'xpath://*[@class="edit"]' attribute 'value' contains value 'FTuyswiMkjFt'.</msg>
<status status="PASS" starttime="20201213 15:42:57.220" endtime="20201213 15:42:57.241"></status>
</kw>
<status status="PASS" starttime="20201213 15:42:56.821" endtime="20201213 15:42:57.242"></status>
</kw>
<kw name="Move Active item to Completed" library="keywords">
<kw name="Mouse Over" library="SeleniumLibrary">
<doc>Simulates hovering the mouse over the element ``locator``.</doc>
<arguments>
<arg>${TODOS_TASK}</arg>
</arguments>
<msg timestamp="20201213 15:42:57.243" level="INFO">Simulating Mouse Over on element 'xpath://*[@class="todo-list"]'.</msg>
<status status="PASS" starttime="20201213 15:42:57.243" endtime="20201213 15:42:57.519"></status>
</kw>
<kw name="Select Checkbox" library="SeleniumLibrary">
<doc>Selects the checkbox identified by ``locator``.</doc>
<arguments>
<arg>${LIST_CHECKBOX}</arg>
</arguments>
<msg timestamp="20201213 15:42:57.521" level="INFO">Selecting checkbox 'xpath://*[@class="toggle"]'.</msg>
<status status="PASS" starttime="20201213 15:42:57.519" endtime="20201213 15:42:57.787"></status>
</kw>
<kw name="Page Should Contain Element" library="SeleniumLibrary">
<doc>Verifies that element ``locator`` is found on the current page.</doc>
<arguments>
<arg>${CLEAR_COMPLETED_LINK}</arg>
</arguments>
<msg timestamp="20201213 15:42:57.795" level="INFO">Current page contains element 'xpath://*[@class="clear-completed"]'.</msg>
<status status="PASS" starttime="20201213 15:42:57.787" endtime="20201213 15:42:57.795"></status>
</kw>
<kw name="Element Text Should Be" library="SeleniumLibrary">
<doc>Verifies that element ``locator`` contains exact the text ``expected``.</doc>
<arguments>
<arg>${CLEAR_COMPLETED_LINK}</arg>
<arg>Clear completed</arg>
</arguments>
<msg timestamp="20201213 15:42:57.795" level="INFO">Verifying element 'xpath://*[@class="clear-completed"]' contains exact text 'Clear completed'.</msg>
<status status="PASS" starttime="20201213 15:42:57.795" endtime="20201213 15:42:57.822"></status>
</kw>
<status status="PASS" starttime="20201213 15:42:57.242" endtime="20201213 15:42:57.823"></status>
</kw>
<kw name="Mouse Over" library="SeleniumLibrary">
<doc>Simulates hovering the mouse over the element ``locator``.</doc>
<arguments>
<arg>${TODOS_TASK}</arg>
</arguments>
<msg timestamp="20201213 15:42:57.824" level="INFO">Simulating Mouse Over on element 'xpath://*[@class="todo-list"]'.</msg>
<status status="PASS" starttime="20201213 15:42:57.824" endtime="20201213 15:42:58.098"></status>
</kw>
<kw name="Click Element" library="SeleniumLibrary">
<doc>Click the element identified by ``locator``.</doc>
<arguments>
<arg>${CLOSE_BUTTON}</arg>
</arguments>
<msg timestamp="20201213 15:42:58.099" level="INFO">Clicking element 'xpath://*[@class="destroy"]'.</msg>
<status status="PASS" starttime="20201213 15:42:58.099" endtime="20201213 15:42:58.328"></status>
</kw>
<kw name="Page Should Not Contain Element" library="SeleniumLibrary">
<doc>Verifies that element ``locator`` is found on the current page.</doc>
<arguments>
<arg>${TODOS_LIST}</arg>
</arguments>
<msg timestamp="20201213 15:42:58.335" level="INFO">Current page does not contain element 'xpath://*[@class="main"]'.</msg>
<status status="PASS" starttime="20201213 15:42:58.330" endtime="20201213 15:42:58.335"></status>
</kw>
<kw name="Close All Browsers" library="SeleniumLibrary" type="teardown">
<doc>Closes all open browsers and resets the browser cache.</doc>
<status status="PASS" starttime="20201213 15:42:58.336" endtime="20201213 15:42:59.163"></status>
</kw>
<status status="PASS" starttime="20201213 15:42:48.101" endtime="20201213 15:42:59.163" critical="yes"></status>
</test>
<test id="s1-t6" name="Test Case 6 - Edit todolist item">
<kw name="Open TODOS App" library="keywords">
<kw name="Open Browser" library="SeleniumLibrary">
<doc>Opens a new browser instance to the optional ``url``.</doc>
<arguments>
<arg>${TODOLIST_URL}</arg>
<arg>${BROWSER}</arg>
</arguments>
<msg timestamp="20201213 15:42:59.167" level="INFO">Opening browser 'headlessfirefox' to base url 'http://todomvc.com/examples/react/#/'.</msg>
<msg timestamp="20201213 15:42:59.171" level="INFO">Firefox driver log is always forced to to: C:\Users\op671200\Documents\GitHub\TestingToDoList\Results\geckodriver-6.log</msg>
<status status="PASS" starttime="20201213 15:42:59.167" endtime="20201213 15:43:07.104"></status>
</kw>
<kw name="Wait Until Page Contains Element" library="SeleniumLibrary">
<doc>Waits until the element ``locator`` appears on the current page.</doc>
<arguments>
<arg>${PLACEHOLDER}</arg>
</arguments>
<status status="PASS" starttime="20201213 15:43:07.105" endtime="20201213 15:43:07.389"></status>
</kw>
<status status="PASS" starttime="20201213 15:42:59.166" endtime="20201213 15:43:07.390"></status>
</kw>
<kw name="Add item to TODOS App" library="keywords">
<kw name="Generate Random String" library="String">
<doc>Generates a string with a desired ``length`` from the given ``chars``.</doc>
<arguments>
<arg>12</arg>
</arguments>
<assign>
<var>${TASK}</var>
</assign>
<msg timestamp="20201213 15:43:07.391" level="INFO">${TASK} = q2H4U2nceyZO</msg>
<status status="PASS" starttime="20201213 15:43:07.391" endtime="20201213 15:43:07.391"></status>
</kw>
<kw name="Input Text" library="SeleniumLibrary">
<doc>Types the given ``text`` into the text field identified by ``locator``.</doc>
<arguments>
<arg>${TEXT_FIELDS}</arg>
<arg>${TASK}</arg>
</arguments>
<msg timestamp="20201213 15:43:07.392" level="INFO">Typing text 'q2H4U2nceyZO' into text field 'xpath://*[@class="new-todo"]'.</msg>
<status status="PASS" starttime="20201213 15:43:07.391" endtime="20201213 15:43:07.467"></status>
</kw>
<kw name="Press Keys" library="SeleniumLibrary">
<doc>Simulates the user pressing key(s) to an element or on the active browser.</doc>
<arguments>
<arg>${TEXT_FIELDS}</arg>
<arg>ENTER</arg>
</arguments>
<msg timestamp="20201213 15:43:07.468" level="INFO">Sending key(s) ('ENTER',) to xpath://*[@class="new-todo"] element.</msg>
<msg timestamp="20201213 15:43:07.757" level="INFO">Pressing special key ENTER to element.</msg>
<msg timestamp="20201213 15:43:07.757" level="INFO">Releasing special key ENTER.</msg>
<status status="PASS" starttime="20201213 15:43:07.467" endtime="20201213 15:43:07.792"></status>
</kw>
<kw name="Element Attribute Value Should Be" library="SeleniumLibrary">
<doc>Verifies element identified by ``locator`` contains expected attribute value.</doc>
<arguments>
<arg>${ACTUAL_TEXT}</arg>
<arg>value</arg>
<arg>${TASK}</arg>
</arguments>
<msg timestamp="20201213 15:43:07.816" level="INFO">Element 'xpath://*[@class="edit"]' attribute 'value' contains value 'q2H4U2nceyZO'.</msg>
<status status="PASS" starttime="20201213 15:43:07.792" endtime="20201213 15:43:07.816"></status>
</kw>
<status status="PASS" starttime="20201213 15:43:07.390" endtime="20201213 15:43:07.816"></status>
</kw>
<kw name="Mouse Over" library="SeleniumLibrary">
<doc>Simulates hovering the mouse over the element ``locator``.</doc>
<arguments>
<arg>${TODOS_TASK}</arg>
</arguments>
<msg timestamp="20201213 15:43:07.817" level="INFO">Simulating Mouse Over on element 'xpath://*[@class="todo-list"]'.</msg>
<status status="PASS" starttime="20201213 15:43:07.817" endtime="20201213 15:43:08.104"></status>
</kw>
<kw name="Double Click Element" library="SeleniumLibrary">
<doc>Double clicks the element identified by ``locator``.</doc>
<arguments>
<arg>${LIST_ELEMENT}</arg>
</arguments>
<msg timestamp="20201213 15:43:08.105" level="INFO">Double clicking element 'css:.view label'.</msg>
<status status="PASS" starttime="20201213 15:43:08.105" endtime="20201213 15:43:08.402"></status>
</kw>
<kw name="Page Should Contain Element" library="SeleniumLibrary">
<doc>Verifies that element ``locator`` is found on the current page.</doc>
<arguments>
<arg>${EDITING}</arg>
</arguments>
<msg timestamp="20201213 15:43:08.409" level="INFO">Current page contains element 'xpath://*[@class="editing"]'.</msg>
<status status="PASS" starttime="20201213 15:43:08.402" endtime="20201213 15:43:08.409"></status>
</kw>
<kw name="Enter new value into the list" library="keywords">
<kw name="Press Keys" library="SeleniumLibrary">
<doc>Simulates the user pressing key(s) to an element or on the active browser.</doc>
<arguments>
<arg>${EDIT_FIELD}</arg>
<arg>CTRL+A</arg>
</arguments>
<msg timestamp="20201213 15:43:08.411" level="INFO">Sending key(s) ('CTRL+A',) to xpath://*[@class="edit"] element.</msg>
<msg timestamp="20201213 15:43:08.698" level="INFO">Pressing special key CONTROL down.</msg>
<msg timestamp="20201213 15:43:08.699" level="INFO">Sending key A</msg>
<msg timestamp="20201213 15:43:08.699" level="INFO">Releasing special key CONTROL.</msg>
<status status="PASS" starttime="20201213 15:43:08.411" endtime="20201213 15:43:08.715"></status>
</kw>
<kw name="Press Keys" library="SeleniumLibrary">
<doc>Simulates the user pressing key(s) to an element or on the active browser.</doc>
<arguments>
<arg>${EDIT_FIELD}</arg>
<arg>BACKSPACE</arg>
</arguments>
<msg timestamp="20201213 15:43:08.716" level="INFO">Sending key(s) ('BACKSPACE',) to xpath://*[@class="edit"] element.</msg>
<msg timestamp="20201213 15:43:08.995" level="INFO">Pressing special key BACKSPACE to element.</msg>
<msg timestamp="20201213 15:43:08.995" level="INFO">Releasing special key BACKSPACE.</msg>
<status status="PASS" starttime="20201213 15:43:08.715" endtime="20201213 15:43:09.014"></status>
</kw>
<kw name="Press Keys" library="SeleniumLibrary">
<doc>Simulates the user pressing key(s) to an element or on the active browser.</doc>
<arguments>
<arg>${EDIT_FIELD}</arg>
<arg>${NEW_ITEM_VALUE}</arg>
</arguments>
<msg timestamp="20201213 15:43:09.015" level="INFO">Sending key(s) ('newItemAdded',) to xpath://*[@class="edit"] element.</msg>
<msg timestamp="20201213 15:43:09.297" level="INFO">Sending keys newItemAdded</msg>
<status status="PASS" starttime="20201213 15:43:09.015" endtime="20201213 15:43:09.384"></status>
</kw>
<kw name="Press Keys" library="SeleniumLibrary">
<doc>Simulates the user pressing key(s) to an element or on the active browser.</doc>
<arguments>
<arg>${TEXT_FIELDS}</arg>
<arg>ENTER</arg>
</arguments>
<msg timestamp="20201213 15:43:09.384" level="INFO">Sending key(s) ('ENTER',) to xpath://*[@class="new-todo"] element.</msg>
<msg timestamp="20201213 15:43:09.680" level="INFO">Pressing special key ENTER to element.</msg>
<msg timestamp="20201213 15:43:09.681" level="INFO">Releasing special key ENTER.</msg>
<status status="PASS" starttime="20201213 15:43:09.384" endtime="20201213 15:43:09.698"></status>
</kw>
<kw name="Element Attribute Value Should Be" library="SeleniumLibrary">
<doc>Verifies element identified by ``locator`` contains expected attribute value.</doc>
<arguments>
<arg>${ACTUAL_TEXT}</arg>
<arg>value</arg>
<arg>${NEW_ITEM_VALUE}</arg>
</arguments>
<msg timestamp="20201213 15:43:09.727" level="INFO">Element 'xpath://*[@class="edit"]' attribute 'value' contains value 'newItemAdded'.</msg>
<status status="PASS" starttime="20201213 15:43:09.698" endtime="20201213 15:43:09.728"></status>
</kw>
<status status="PASS" starttime="20201213 15:43:08.410" endtime="20201213 15:43:09.728"></status>
</kw>
<kw name="Close All Browsers" library="SeleniumLibrary" type="teardown">
<doc>Closes all open browsers and resets the browser cache.</doc>
<status status="PASS" starttime="20201213 15:43:09.729" endtime="20201213 15:43:10.993"></status>
</kw>
<status status="PASS" starttime="20201213 15:42:59.165" endtime="20201213 15:43:10.993" critical="yes"></status>
</test>
<test id="s1-t7" name="Test Case 7 - Clear(Remove) Complited item in todos">
<kw name="Open TODOS App" library="keywords">
<kw name="Open Browser" library="SeleniumLibrary">
<doc>Opens a new browser instance to the optional ``url``.</doc>
<arguments>
<arg>${TODOLIST_URL}</arg>
<arg>${BROWSER}</arg>
</arguments>
<msg timestamp="20201213 15:43:11.001" level="INFO">Opening browser 'headlessfirefox' to base url 'http://todomvc.com/examples/react/#/'.</msg>
<msg timestamp="20201213 15:43:11.007" level="INFO">Firefox driver log is always forced to to: C:\Users\op671200\Documents\GitHub\TestingToDoList\Results\geckodriver-7.log</msg>
<status status="PASS" starttime="20201213 15:43:11.000" endtime="20201213 15:43:18.373"></status>
</kw>
<kw name="Wait Until Page Contains Element" library="SeleniumLibrary">
<doc>Waits until the element ``locator`` appears on the current page.</doc>
<arguments>
<arg>${PLACEHOLDER}</arg>
</arguments>
<status status="PASS" starttime="20201213 15:43:18.373" endtime="20201213 15:43:18.627"></status>
</kw>
<status status="PASS" starttime="20201213 15:43:10.998" endtime="20201213 15:43:18.627"></status>
</kw>
<kw name="Add item to TODOS App" library="keywords">
<kw name="Generate Random String" library="String">
<doc>Generates a string with a desired ``length`` from the given ``chars``.</doc>
<arguments>
<arg>12</arg>
</arguments>
<assign>
<var>${TASK}</var>
</assign>
<msg timestamp="20201213 15:43:18.628" level="INFO">${TASK} = LhNXAdhd60ci</msg>
<status status="PASS" starttime="20201213 15:43:18.628" endtime="20201213 15:43:18.628"></status>
</kw>
<kw name="Input Text" library="SeleniumLibrary">
<doc>Types the given ``text`` into the text field identified by ``locator``.</doc>
<arguments>
<arg>${TEXT_FIELDS}</arg>
<arg>${TASK}</arg>
</arguments>
<msg timestamp="20201213 15:43:18.629" level="INFO">Typing text 'LhNXAdhd60ci' into text field 'xpath://*[@class="new-todo"]'.</msg>
<status status="PASS" starttime="20201213 15:43:18.628" endtime="20201213 15:43:18.686"></status>
</kw>
<kw name="Press Keys" library="SeleniumLibrary">
<doc>Simulates the user pressing key(s) to an element or on the active browser.</doc>
<arguments>
<arg>${TEXT_FIELDS}</arg>
<arg>ENTER</arg>
</arguments>
<msg timestamp="20201213 15:43:18.686" level="INFO">Sending key(s) ('ENTER',) to xpath://*[@class="new-todo"] element.</msg>
<msg timestamp="20201213 15:43:18.964" level="INFO">Pressing special key ENTER to element.</msg>
<msg timestamp="20201213 15:43:18.964" level="INFO">Releasing special key ENTER.</msg>
<status status="PASS" starttime="20201213 15:43:18.686" endtime="20201213 15:43:18.996"></status>
</kw>
<kw name="Element Attribute Value Should Be" library="SeleniumLibrary">
<doc>Verifies element identified by ``locator`` contains expected attribute value.</doc>
<arguments>
<arg>${ACTUAL_TEXT}</arg>
<arg>value</arg>
<arg>${TASK}</arg>
</arguments>
<msg timestamp="20201213 15:43:19.016" level="INFO">Element 'xpath://*[@class="edit"]' attribute 'value' contains value 'LhNXAdhd60ci'.</msg>
<status status="PASS" starttime="20201213 15:43:18.996" endtime="20201213 15:43:19.016"></status>
</kw>
<status status="PASS" starttime="20201213 15:43:18.627" endtime="20201213 15:43:19.016"></status>
</kw>
<kw name="Move Active item to Completed" library="keywords">
<kw name="Mouse Over" library="SeleniumLibrary">
<doc>Simulates hovering the mouse over the element ``locator``.</doc>
<arguments>
<arg>${TODOS_TASK}</arg>
</arguments>
<msg timestamp="20201213 15:43:19.018" level="INFO">Simulating Mouse Over on element 'xpath://*[@class="todo-list"]'.</msg>
<status status="PASS" starttime="20201213 15:43:19.017" endtime="20201213 15:43:19.294"></status>
</kw>
<kw name="Select Checkbox" library="SeleniumLibrary">
<doc>Selects the checkbox identified by ``locator``.</doc>
<arguments>
<arg>${LIST_CHECKBOX}</arg>
</arguments>
<msg timestamp="20201213 15:43:19.295" level="INFO">Selecting checkbox 'xpath://*[@class="toggle"]'.</msg>
<status status="PASS" starttime="20201213 15:43:19.294" endtime="20201213 15:43:19.550"></status>
</kw>
<kw name="Page Should Contain Element" library="SeleniumLibrary">
<doc>Verifies that element ``locator`` is found on the current page.</doc>
<arguments>
<arg>${CLEAR_COMPLETED_LINK}</arg>
</arguments>
<msg timestamp="20201213 15:43:19.557" level="INFO">Current page contains element 'xpath://*[@class="clear-completed"]'.</msg>
<status status="PASS" starttime="20201213 15:43:19.550" endtime="20201213 15:43:19.557"></status>
</kw>
<kw name="Element Text Should Be" library="SeleniumLibrary">
<doc>Verifies that element ``locator`` contains exact the text ``expected``.</doc>
<arguments>
<arg>${CLEAR_COMPLETED_LINK}</arg>
<arg>Clear completed</arg>
</arguments>
<msg timestamp="20201213 15:43:19.558" level="INFO">Verifying element 'xpath://*[@class="clear-completed"]' contains exact text 'Clear completed'.</msg>
<status status="PASS" starttime="20201213 15:43:19.557" endtime="20201213 15:43:19.581"></status>
</kw>
<status status="PASS" starttime="20201213 15:43:19.017" endtime="20201213 15:43:19.581"></status>
</kw>
<kw name="Click Element" library="SeleniumLibrary">
<doc>Click the element identified by ``locator``.</doc>
<arguments>
<arg>${CLEAR_COMPLETED_LINK}</arg>
</arguments>
<msg timestamp="20201213 15:43:19.583" level="INFO">Clicking element 'xpath://*[@class="clear-completed"]'.</msg>
<status status="PASS" starttime="20201213 15:43:19.583" endtime="20201213 15:43:19.807"></status>
</kw>
<kw name="Page Should Not Contain Element" library="SeleniumLibrary">
<doc>Verifies that element ``locator`` is found on the current page.</doc>
<arguments>
<arg>${CLEAR_COMPLETED_LINK}</arg>
</arguments>
<msg timestamp="20201213 15:43:19.815" level="INFO">Current page does not contain element 'xpath://*[@class="clear-completed"]'.</msg>
<status status="PASS" starttime="20201213 15:43:19.808" endtime="20201213 15:43:19.815"></status>
</kw>
<kw name="Page Should Not Contain Element" library="SeleniumLibrary">
<doc>Verifies that element ``locator`` is found on the current page.</doc>
<arguments>
<arg>${TODOS_LIST}</arg>
</arguments>
<msg timestamp="20201213 15:43:19.832" level="INFO">Current page does not contain element 'xpath://*[@class="main"]'.</msg>
<status status="PASS" starttime="20201213 15:43:19.820" endtime="20201213 15:43:19.832"></status>
</kw>
<kw name="Close All Browsers" library="SeleniumLibrary" type="teardown">
<doc>Closes all open browsers and resets the browser cache.</doc>
<status status="PASS" starttime="20201213 15:43:19.832" endtime="20201213 15:43:20.976"></status>
</kw>
<status status="PASS" starttime="20201213 15:43:10.997" endtime="20201213 15:43:20.977" critical="yes"></status>
</test>
<test id="s1-t8" name="Test Case 8 - Switch between All, Active and Complited links">
<kw name="Open TODOS App" library="keywords">
<kw name="Open Browser" library="SeleniumLibrary">
<doc>Opens a new browser instance to the optional ``url``.</doc>
<arguments>
<arg>${TODOLIST_URL}</arg>
<arg>${BROWSER}</arg>
</arguments>
<msg timestamp="20201213 15:43:20.981" level="INFO">Opening browser 'headlessfirefox' to base url 'http://todomvc.com/examples/react/#/'.</msg>
<msg timestamp="20201213 15:43:20.990" level="INFO">Firefox driver log is always forced to to: C:\Users\op671200\Documents\GitHub\TestingToDoList\Results\geckodriver-8.log</msg>
<status status="PASS" starttime="20201213 15:43:20.981" endtime="20201213 15:43:29.583"></status>
</kw>
<kw name="Wait Until Page Contains Element" library="SeleniumLibrary">
<doc>Waits until the element ``locator`` appears on the current page.</doc>
<arguments>
<arg>${PLACEHOLDER}</arg>
</arguments>
<status status="PASS" starttime="20201213 15:43:29.584" endtime="20201213 15:43:29.930"></status>
</kw>
<status status="PASS" starttime="20201213 15:43:20.981" endtime="20201213 15:43:29.930"></status>
</kw>
<kw name="Add item to TODOS App" library="keywords">
<kw name="Generate Random String" library="String">
<doc>Generates a string with a desired ``length`` from the given ``chars``.</doc>
<arguments>
<arg>12</arg>
</arguments>
<assign>
<var>${TASK}</var>
</assign>
<msg timestamp="20201213 15:43:29.934" level="INFO">${TASK} = coyyBks8R8z8</msg>
<status status="PASS" starttime="20201213 15:43:29.933" endtime="20201213 15:43:29.934"></status>
</kw>
<kw name="Input Text" library="SeleniumLibrary">
<doc>Types the given ``text`` into the text field identified by ``locator``.</doc>
<arguments>
<arg>${TEXT_FIELDS}</arg>
<arg>${TASK}</arg>
</arguments>
<msg timestamp="20201213 15:43:29.935" level="INFO">Typing text 'coyyBks8R8z8' into text field 'xpath://*[@class="new-todo"]'.</msg>
<status status="PASS" starttime="20201213 15:43:29.935" endtime="20201213 15:43:30.096"></status>
</kw>
<kw name="Press Keys" library="SeleniumLibrary">
<doc>Simulates the user pressing key(s) to an element or on the active browser.</doc>
<arguments>
<arg>${TEXT_FIELDS}</arg>
<arg>ENTER</arg>
</arguments>
<msg timestamp="20201213 15:43:30.097" level="INFO">Sending key(s) ('ENTER',) to xpath://*[@class="new-todo"] element.</msg>
<msg timestamp="20201213 15:43:30.384" level="INFO">Pressing special key ENTER to element.</msg>
<msg timestamp="20201213 15:43:30.384" level="INFO">Releasing special key ENTER.</msg>
<status status="PASS" starttime="20201213 15:43:30.096" endtime="20201213 15:43:30.447"></status>
</kw>
<kw name="Element Attribute Value Should Be" library="SeleniumLibrary">
<doc>Verifies element identified by ``locator`` contains expected attribute value.</doc>
<arguments>
<arg>${ACTUAL_TEXT}</arg>
<arg>value</arg>
<arg>${TASK}</arg>
</arguments>
<msg timestamp="20201213 15:43:30.472" level="INFO">Element 'xpath://*[@class="edit"]' attribute 'value' contains value 'coyyBks8R8z8'.</msg>
<status status="PASS" starttime="20201213 15:43:30.447" endtime="20201213 15:43:30.472"></status>
</kw>
<status status="PASS" starttime="20201213 15:43:29.932" endtime="20201213 15:43:30.473"></status>
</kw>
<kw name="Get Text" library="SeleniumLibrary">
<doc>Returns the text value of the element identified by ``locator``.</doc>
<arguments>
<arg>${ALL_LINK}</arg>
</arguments>
<assign>
<var>${ACTIVE_LINK_TEXT}</var>
</assign>
<msg timestamp="20201213 15:43:30.510" level="INFO">${ACTIVE_LINK_TEXT} = All</msg>
<status status="PASS" starttime="20201213 15:43:30.473" endtime="20201213 15:43:30.511"></status>
</kw>
<kw name="Should Be Equal" library="BuiltIn">
<doc>Fails if the given objects are unequal.</doc>
<arguments>
<arg>${ACTIVE_LINK_TEXT}</arg>
<arg>All</arg>
</arguments>
<status status="PASS" starttime="20201213 15:43:30.511" endtime="20201213 15:43:30.511"></status>
</kw>
<kw name="Element Attribute Value Should Be" library="SeleniumLibrary">
<doc>Verifies element identified by ``locator`` contains expected attribute value.</doc>
<arguments>
<arg>${ALL_LINK}</arg>
<arg>class</arg>
<arg>selected</arg>
</arguments>
<msg timestamp="20201213 15:43:30.544" level="INFO">Element 'xpath://*[@href="#/"]' attribute 'class' contains value 'selected'.</msg>
<status status="PASS" starttime="20201213 15:43:30.512" endtime="20201213 15:43:30.544"></status>
</kw>
<kw name="Click Link" library="SeleniumLibrary">
<doc>Clicks a link identified by ``locator``.</doc>
<arguments>
<arg>${ACTIVE_LINK}</arg>
</arguments>
<msg timestamp="20201213 15:43:30.545" level="INFO">Clicking link 'xpath://*[@href="#/active"]'.</msg>
<status status="PASS" starttime="20201213 15:43:30.544" endtime="20201213 15:43:30.590"></status>
</kw>
<kw name="Get Text" library="SeleniumLibrary">
<doc>Returns the text value of the element identified by ``locator``.</doc>
<arguments>
<arg>${ACTIVE_LINK}</arg>
</arguments>
<assign>
<var>${ACTIVE_LINK_TEXT}</var>
</assign>
<msg timestamp="20201213 15:43:30.621" level="INFO">${ACTIVE_LINK_TEXT} = Active</msg>
<status status="PASS" starttime="20201213 15:43:30.593" endtime="20201213 15:43:30.621"></status>
</kw>
<kw name="Should Be Equal" library="BuiltIn">
<doc>Fails if the given objects are unequal.</doc>
<arguments>
<arg>${ACTIVE_LINK_TEXT}</arg>
<arg>Active</arg>
</arguments>
<status status="PASS" starttime="20201213 15:43:30.622" endtime="20201213 15:43:30.622"></status>
</kw>
<kw name="Element Attribute Value Should Be" library="SeleniumLibrary">
<doc>Verifies element identified by ``locator`` contains expected attribute value.</doc>
<arguments>
<arg>${ACTIVE_LINK}</arg>
<arg>class</arg>
<arg>selected</arg>
</arguments>
<msg timestamp="20201213 15:43:30.649" level="INFO">Element 'xpath://*[@href="#/active"]' attribute 'class' contains value 'selected'.</msg>
<status status="PASS" starttime="20201213 15:43:30.623" endtime="20201213 15:43:30.650"></status>
</kw>
<kw name="Click Link" library="SeleniumLibrary">
<doc>Clicks a link identified by ``locator``.</doc>
<arguments>
<arg>${COMPELETED_LINK}</arg>
</arguments>
<msg timestamp="20201213 15:43:30.651" level="INFO">Clicking link 'xpath://*[@href="#/completed"]'.</msg>
<status status="PASS" starttime="20201213 15:43:30.650" endtime="20201213 15:43:30.685"></status>
</kw>
<kw name="Get Text" library="SeleniumLibrary">
<doc>Returns the text value of the element identified by ``locator``.</doc>
<arguments>
<arg>${COMPELETED_LINK}</arg>
</arguments>
<assign>
<var>${ACTIVE_LINK_TEXT}</var>
</assign>
<msg timestamp="20201213 15:43:30.704" level="INFO">${ACTIVE_LINK_TEXT} = Completed</msg>
<status status="PASS" starttime="20201213 15:43:30.686" endtime="20201213 15:43:30.704"></status>
</kw>
<kw name="Should Be Equal" library="BuiltIn">
<doc>Fails if the given objects are unequal.</doc>
<arguments>
<arg>${ACTIVE_LINK_TEXT}</arg>
<arg>Completed</arg>
</arguments>
<status status="PASS" starttime="20201213 15:43:30.704" endtime="20201213 15:43:30.705"></status>
</kw>
<kw name="Element Attribute Value Should Be" library="SeleniumLibrary">
<doc>Verifies element identified by ``locator`` contains expected attribute value.</doc>
<arguments>
<arg>${COMPELETED_LINK}</arg>
<arg>class</arg>
<arg>selected</arg>
</arguments>
<msg timestamp="20201213 15:43:30.724" level="INFO">Element 'xpath://*[@href="#/completed"]' attribute 'class' contains value 'selected'.</msg>
<status status="PASS" starttime="20201213 15:43:30.705" endtime="20201213 15:43:30.724"></status>
</kw>
<kw name="Close All Browsers" library="SeleniumLibrary" type="teardown">
<doc>Closes all open browsers and resets the browser cache.</doc>
<status status="PASS" starttime="20201213 15:43:30.724" endtime="20201213 15:43:31.489"></status>
</kw>
<status status="PASS" starttime="20201213 15:43:20.981" endtime="20201213 15:43:31.489" critical="yes"></status>
</test>
<test id="s1-t9" name="Test Case 9 - Verify amount of Active items">
<kw name="Open TODOS App" library="keywords">
<kw name="Open Browser" library="SeleniumLibrary">
<doc>Opens a new browser instance to the optional ``url``.</doc>
<arguments>
<arg>${TODOLIST_URL}</arg>
<arg>${BROWSER}</arg>
</arguments>
<msg timestamp="20201213 15:43:31.493" level="INFO">Opening browser 'headlessfirefox' to base url 'http://todomvc.com/examples/react/#/'.</msg>
<msg timestamp="20201213 15:43:31.497" level="INFO">Firefox driver log is always forced to to: C:\Users\op671200\Documents\GitHub\TestingToDoList\Results\geckodriver-9.log</msg>
<status status="PASS" starttime="20201213 15:43:31.492" endtime="20201213 15:43:39.944"></status>
</kw>
<kw name="Wait Until Page Contains Element" library="SeleniumLibrary">
<doc>Waits until the element ``locator`` appears on the current page.</doc>
<arguments>
<arg>${PLACEHOLDER}</arg>
</arguments>
<status status="PASS" starttime="20201213 15:43:39.944" endtime="20201213 15:43:40.214"></status>
</kw>
<status status="PASS" starttime="20201213 15:43:31.492" endtime="20201213 15:43:40.214"></status>
</kw>
<kw name="Add item to TODOS App" library="keywords">
<kw name="Generate Random String" library="String">
<doc>Generates a string with a desired ``length`` from the given ``chars``.</doc>
<arguments>
<arg>12</arg>
</arguments>
<assign>
<var>${TASK}</var>
</assign>
<msg timestamp="20201213 15:43:40.215" level="INFO">${TASK} = TgkMQaMCreAL</msg>
<status status="PASS" starttime="20201213 15:43:40.215" endtime="20201213 15:43:40.215"></status>
</kw>
<kw name="Input Text" library="SeleniumLibrary">
<doc>Types the given ``text`` into the text field identified by ``locator``.</doc>
<arguments>
<arg>${TEXT_FIELDS}</arg>
<arg>${TASK}</arg>
</arguments>
<msg timestamp="20201213 15:43:40.216" level="INFO">Typing text 'TgkMQaMCreAL' into text field 'xpath://*[@class="new-todo"]'.</msg>
<status status="PASS" starttime="20201213 15:43:40.215" endtime="20201213 15:43:40.292"></status>
</kw>
<kw name="Press Keys" library="SeleniumLibrary">
<doc>Simulates the user pressing key(s) to an element or on the active browser.</doc>
<arguments>
<arg>${TEXT_FIELDS}</arg>
<arg>ENTER</arg>
</arguments>
<msg timestamp="20201213 15:43:40.294" level="INFO">Sending key(s) ('ENTER',) to xpath://*[@class="new-todo"] element.</msg>
<msg timestamp="20201213 15:43:40.581" level="INFO">Pressing special key ENTER to element.</msg>
<msg timestamp="20201213 15:43:40.581" level="INFO">Releasing special key ENTER.</msg>
<status status="PASS" starttime="20201213 15:43:40.294" endtime="20201213 15:43:40.655"></status>
</kw>
<kw name="Element Attribute Value Should Be" library="SeleniumLibrary">
<doc>Verifies element identified by ``locator`` contains expected attribute value.</doc>
<arguments>
<arg>${ACTUAL_TEXT}</arg>
<arg>value</arg>
<arg>${TASK}</arg>
</arguments>
<msg timestamp="20201213 15:43:40.680" level="INFO">Element 'xpath://*[@class="edit"]' attribute 'value' contains value 'TgkMQaMCreAL'.</msg>
<status status="PASS" starttime="20201213 15:43:40.656" endtime="20201213 15:43:40.680"></status>
</kw>
<status status="PASS" starttime="20201213 15:43:40.215" endtime="20201213 15:43:40.680"></status>
</kw>
<kw name="Generate Random String" library="String">
<doc>Generates a string with a desired ``length`` from the given ``chars``.</doc>
<arguments>
<arg>12</arg>
</arguments>
<assign>
<var>${TASK1}</var>
</assign>
<msg timestamp="20201213 15:43:40.681" level="INFO">${TASK1} = fvGEvbzBQSWY</msg>
<status status="PASS" starttime="20201213 15:43:40.681" endtime="20201213 15:43:40.681"></status>
</kw>
<kw name="Input Text" library="SeleniumLibrary">
<doc>Types the given ``text`` into the text field identified by ``locator``.</doc>
<arguments>
<arg>${TEXT_FIELDS}</arg>
<arg>${TASK1}</arg>
</arguments>
<msg timestamp="20201213 15:43:40.682" level="INFO">Typing text 'fvGEvbzBQSWY' into text field 'xpath://*[@class="new-todo"]'.</msg>
<status status="PASS" starttime="20201213 15:43:40.682" endtime="20201213 15:43:40.775"></status>
</kw>
<kw name="Press Keys" library="SeleniumLibrary">
<doc>Simulates the user pressing key(s) to an element or on the active browser.</doc>
<arguments>
<arg>${TEXT_FIELDS}</arg>
<arg>ENTER</arg>
</arguments>
<msg timestamp="20201213 15:43:40.777" level="INFO">Sending key(s) ('ENTER',) to xpath://*[@class="new-todo"] element.</msg>
<msg timestamp="20201213 15:43:41.068" level="INFO">Pressing special key ENTER to element.</msg>
<msg timestamp="20201213 15:43:41.068" level="INFO">Releasing special key ENTER.</msg>
<status status="PASS" starttime="20201213 15:43:40.777" endtime="20201213 15:43:41.104"></status>
</kw>
<kw name="Element Attribute Value Should Be" library="SeleniumLibrary">
<doc>Verifies element identified by ``locator`` contains expected attribute value.</doc>
<arguments>
<arg>${ACTUAL_TEXT2}</arg>
<arg>value</arg>
<arg>${TASK1}</arg>
</arguments>
<msg timestamp="20201213 15:43:41.126" level="INFO">Element 'xpath:(//input[@class="edit"])[2]' attribute 'value' contains value 'fvGEvbzBQSWY'.</msg>
<status status="PASS" starttime="20201213 15:43:41.104" endtime="20201213 15:43:41.127"></status>
</kw>
<kw name="Get Text" library="SeleniumLibrary">
<doc>Returns the text value of the element identified by ``locator``.</doc>
<arguments>
<arg>${TODO_COUNT}</arg>
</arguments>
<assign>
<var>${ITEMS_AMOUNT}</var>
</assign>
<msg timestamp="20201213 15:43:41.176" level="INFO">${ITEMS_AMOUNT} = 2 items left</msg>
<status status="PASS" starttime="20201213 15:43:41.129" endtime="20201213 15:43:41.176"></status>
</kw>
<kw name="Should Be Equal" library="BuiltIn">
<doc>Fails if the given objects are unequal.</doc>
<arguments>
<arg>${ITEMS_AMOUNT}</arg>
<arg>2 items left</arg>
</arguments>
<status status="PASS" starttime="20201213 15:43:41.177" endtime="20201213 15:43:41.177"></status>
</kw>
<kw name="Close All Browsers" library="SeleniumLibrary" type="teardown">
<doc>Closes all open browsers and resets the browser cache.</doc>
<status status="PASS" starttime="20201213 15:43:41.178" endtime="20201213 15:43:42.238"></status>
</kw>
<status status="PASS" starttime="20201213 15:43:31.491" endtime="20201213 15:43:42.239" critical="yes"></status>
</test>
<test id="s1-t10" name="Test Case 10 - Verify amount of Active items when items moved to Complited items">
<kw name="Open TODOS App" library="keywords">
<kw name="Open Browser" library="SeleniumLibrary">
<doc>Opens a new browser instance to the optional ``url``.</doc>
<arguments>
<arg>${TODOLIST_URL}</arg>
<arg>${BROWSER}</arg>
</arguments>
<msg timestamp="20201213 15:43:42.243" level="INFO">Opening browser 'headlessfirefox' to base url 'http://todomvc.com/examples/react/#/'.</msg>
<msg timestamp="20201213 15:43:42.248" level="INFO">Firefox driver log is always forced to to: C:\Users\op671200\Documents\GitHub\TestingToDoList\Results\geckodriver-10.log</msg>
<status status="PASS" starttime="20201213 15:43:42.243" endtime="20201213 15:43:50.829"></status>
</kw>
<kw name="Wait Until Page Contains Element" library="SeleniumLibrary">
<doc>Waits until the element ``locator`` appears on the current page.</doc>
<arguments>
<arg>${PLACEHOLDER}</arg>
</arguments>
<status status="PASS" starttime="20201213 15:43:50.829" endtime="20201213 15:43:51.148"></status>
</kw>
<status status="PASS" starttime="20201213 15:43:42.242" endtime="20201213 15:43:51.148"></status>
</kw>
<kw name="Add item to TODOS App" library="keywords">
<kw name="Generate Random String" library="String">
<doc>Generates a string with a desired ``length`` from the given ``chars``.</doc>
<arguments>
<arg>12</arg>
</arguments>
<assign>
<var>${TASK}</var>
</assign>
<msg timestamp="20201213 15:43:51.151" level="INFO">${TASK} = H7oPVZQw5HUW</msg>
<status status="PASS" starttime="20201213 15:43:51.150" endtime="20201213 15:43:51.151"></status>
</kw>
<kw name="Input Text" library="SeleniumLibrary">
<doc>Types the given ``text`` into the text field identified by ``locator``.</doc>
<arguments>
<arg>${TEXT_FIELDS}</arg>
<arg>${TASK}</arg>
</arguments>
<msg timestamp="20201213 15:43:51.152" level="INFO">Typing text 'H7oPVZQw5HUW' into text field 'xpath://*[@class="new-todo"]'.</msg>
<status status="PASS" starttime="20201213 15:43:51.151" endtime="20201213 15:43:51.275"></status>
</kw>
<kw name="Press Keys" library="SeleniumLibrary">
<doc>Simulates the user pressing key(s) to an element or on the active browser.</doc>
<arguments>
<arg>${TEXT_FIELDS}</arg>
<arg>ENTER</arg>
</arguments>
<msg timestamp="20201213 15:43:51.276" level="INFO">Sending key(s) ('ENTER',) to xpath://*[@class="new-todo"] element.</msg>
<msg timestamp="20201213 15:43:51.566" level="INFO">Pressing special key ENTER to element.</msg>
<msg timestamp="20201213 15:43:51.566" level="INFO">Releasing special key ENTER.</msg>
<status status="PASS" starttime="20201213 15:43:51.275" endtime="20201213 15:43:51.602"></status>
</kw>
<kw name="Element Attribute Value Should Be" library="SeleniumLibrary">
<doc>Verifies element identified by ``locator`` contains expected attribute value.</doc>
<arguments>
<arg>${ACTUAL_TEXT}</arg>
<arg>value</arg>
<arg>${TASK}</arg>
</arguments>
<msg timestamp="20201213 15:43:51.625" level="INFO">Element 'xpath://*[@class="edit"]' attribute 'value' contains value 'H7oPVZQw5HUW'.</msg>
<status status="PASS" starttime="20201213 15:43:51.602" endtime="20201213 15:43:51.625"></status>
</kw>
<status status="PASS" starttime="20201213 15:43:51.149" endtime="20201213 15:43:51.625"></status>
</kw>
<kw name="Move Active item to Completed" library="keywords">
<kw name="Mouse Over" library="SeleniumLibrary">
<doc>Simulates hovering the mouse over the element ``locator``.</doc>
<arguments>
<arg>${TODOS_TASK}</arg>
</arguments>
<msg timestamp="20201213 15:43:51.627" level="INFO">Simulating Mouse Over on element 'xpath://*[@class="todo-list"]'.</msg>
<status status="PASS" starttime="20201213 15:43:51.626" endtime="20201213 15:43:51.910"></status>
</kw>
<kw name="Select Checkbox" library="SeleniumLibrary">
<doc>Selects the checkbox identified by ``locator``.</doc>
<arguments>
<arg>${LIST_CHECKBOX}</arg>
</arguments>
<msg timestamp="20201213 15:43:51.911" level="INFO">Selecting checkbox 'xpath://*[@class="toggle"]'.</msg>
<status status="PASS" starttime="20201213 15:43:51.910" endtime="20201213 15:43:52.170"></status>
</kw>
<kw name="Page Should Contain Element" library="SeleniumLibrary">
<doc>Verifies that element ``locator`` is found on the current page.</doc>
<arguments>
<arg>${CLEAR_COMPLETED_LINK}</arg>
</arguments>
<msg timestamp="20201213 15:43:52.182" level="INFO">Current page contains element 'xpath://*[@class="clear-completed"]'.</msg>
<status status="PASS" starttime="20201213 15:43:52.171" endtime="20201213 15:43:52.182"></status>
</kw>
<kw name="Element Text Should Be" library="SeleniumLibrary">
<doc>Verifies that element ``locator`` contains exact the text ``expected``.</doc>
<arguments>
<arg>${CLEAR_COMPLETED_LINK}</arg>
<arg>Clear completed</arg>
</arguments>
<msg timestamp="20201213 15:43:52.183" level="INFO">Verifying element 'xpath://*[@class="clear-completed"]' contains exact text 'Clear completed'.</msg>
<status status="PASS" starttime="20201213 15:43:52.182" endtime="20201213 15:43:52.245"></status>
</kw>
<status status="PASS" starttime="20201213 15:43:51.626" endtime="20201213 15:43:52.246"></status>
</kw>
<kw name="Get Text" library="SeleniumLibrary">
<doc>Returns the text value of the element identified by ``locator``.</doc>
<arguments>
<arg>${TODO_COUNT}</arg>
</arguments>
<assign>
<var>${ITEMS_AMOUNT}</var>
</assign>
<msg timestamp="20201213 15:43:52.308" level="INFO">${ITEMS_AMOUNT} = 0 items left</msg>
<status status="PASS" starttime="20201213 15:43:52.248" endtime="20201213 15:43:52.308"></status>
</kw>
<kw name="Should Be Equal" library="BuiltIn">
<doc>Fails if the given objects are unequal.</doc>
<arguments>
<arg>${ITEMS_AMOUNT}</arg>
<arg>0 items left</arg>
</arguments>
<status status="PASS" starttime="20201213 15:43:52.309" endtime="20201213 15:43:52.309"></status>
</kw>
<kw name="Close All Browsers" library="SeleniumLibrary" type="teardown">
<doc>Closes all open browsers and resets the browser cache.</doc>
<status status="PASS" starttime="20201213 15:43:52.311" endtime="20201213 15:43:53.288"></status>
</kw>
<status status="PASS" starttime="20201213 15:43:42.241" endtime="20201213 15:43:53.290" critical="yes"></status>
</test>
<test id="s1-t11" name="Test Case 11 - Move items to Complited with arrow button">
<kw name="Open TODOS App" library="keywords">
<kw name="Open Browser" library="SeleniumLibrary">
<doc>Opens a new browser instance to the optional ``url``.</doc>
<arguments>
<arg>${TODOLIST_URL}</arg>
<arg>${BROWSER}</arg>
</arguments>
<msg timestamp="20201213 15:43:53.300" level="INFO">Opening browser 'headlessfirefox' to base url 'http://todomvc.com/examples/react/#/'.</msg>
<msg timestamp="20201213 15:43:53.306" level="INFO">Firefox driver log is always forced to to: C:\Users\op671200\Documents\GitHub\TestingToDoList\Results\geckodriver-11.log</msg>
<status status="PASS" starttime="20201213 15:43:53.297" endtime="20201213 15:44:01.925"></status>
</kw>
<kw name="Wait Until Page Contains Element" library="SeleniumLibrary">
<doc>Waits until the element ``locator`` appears on the current page.</doc>
<arguments>
<arg>${PLACEHOLDER}</arg>
</arguments>
<status status="PASS" starttime="20201213 15:44:01.925" endtime="20201213 15:44:02.383"></status>
</kw>
<status status="PASS" starttime="20201213 15:43:53.295" endtime="20201213 15:44:02.383"></status>
</kw>
<kw name="Add item to TODOS App" library="keywords">
<kw name="Generate Random String" library="String">
<doc>Generates a string with a desired ``length`` from the given ``chars``.</doc>
<arguments>
<arg>12</arg>
</arguments>
<assign>
<var>${TASK}</var>
</assign>
<msg timestamp="20201213 15:44:02.384" level="INFO">${TASK} = KEyUcgPGDK9i</msg>
<status status="PASS" starttime="20201213 15:44:02.384" endtime="20201213 15:44:02.384"></status>
</kw>
<kw name="Input Text" library="SeleniumLibrary">
<doc>Types the given ``text`` into the text field identified by ``locator``.</doc>
<arguments>
<arg>${TEXT_FIELDS}</arg>
<arg>${TASK}</arg>
</arguments>
<msg timestamp="20201213 15:44:02.385" level="INFO">Typing text 'KEyUcgPGDK9i' into text field 'xpath://*[@class="new-todo"]'.</msg>
<status status="PASS" starttime="20201213 15:44:02.384" endtime="20201213 15:44:02.461"></status>
</kw>
<kw name="Press Keys" library="SeleniumLibrary">
<doc>Simulates the user pressing key(s) to an element or on the active browser.</doc>
<arguments>
<arg>${TEXT_FIELDS}</arg>
<arg>ENTER</arg>
</arguments>
<msg timestamp="20201213 15:44:02.462" level="INFO">Sending key(s) ('ENTER',) to xpath://*[@class="new-todo"] element.</msg>
<msg timestamp="20201213 15:44:02.748" level="INFO">Pressing special key ENTER to element.</msg>
<msg timestamp="20201213 15:44:02.748" level="INFO">Releasing special key ENTER.</msg>
<status status="PASS" starttime="20201213 15:44:02.461" endtime="20201213 15:44:02.777"></status>
</kw>
<kw name="Element Attribute Value Should Be" library="SeleniumLibrary">
<doc>Verifies element identified by ``locator`` contains expected attribute value.</doc>
<arguments>
<arg>${ACTUAL_TEXT}</arg>
<arg>value</arg>
<arg>${TASK}</arg>
</arguments>
<msg timestamp="20201213 15:44:02.802" level="INFO">Element 'xpath://*[@class="edit"]' attribute 'value' contains value 'KEyUcgPGDK9i'.</msg>
<status status="PASS" starttime="20201213 15:44:02.777" endtime="20201213 15:44:02.802"></status>
</kw>
<status status="PASS" starttime="20201213 15:44:02.383" endtime="20201213 15:44:02.802"></status>
</kw>
<kw name="Move item to Completed with Arrow button" library="keywords">
<kw name="Click Element" library="SeleniumLibrary">
<doc>Click the element identified by ``locator``.</doc>
<arguments>
<arg>${ARROW_BUTTON}</arg>
</arguments>
<msg timestamp="20201213 15:44:02.804" level="INFO">Clicking element 'xpath://label[@for="toggle-all"]'.</msg>
<status status="PASS" starttime="20201213 15:44:02.803" endtime="20201213 15:44:03.047"></status>
</kw>
<kw name="Page Should Contain Element" library="SeleniumLibrary">
<doc>Verifies that element ``locator`` is found on the current page.</doc>
<arguments>
<arg>${CLEAR_COMPLETED_LINK}</arg>
</arguments>
<msg timestamp="20201213 15:44:03.059" level="INFO">Current page contains element 'xpath://*[@class="clear-completed"]'.</msg>
<status status="PASS" starttime="20201213 15:44:03.047" endtime="20201213 15:44:03.060"></status>
</kw>
<kw name="Element Text Should Be" library="SeleniumLibrary">
<doc>Verifies that element ``locator`` contains exact the text ``expected``.</doc>
<arguments>
<arg>${CLEAR_COMPLETED_LINK}</arg>
<arg>Clear completed</arg>
</arguments>
<msg timestamp="20201213 15:44:03.060" level="INFO">Verifying element 'xpath://*[@class="clear-completed"]' contains exact text 'Clear completed'.</msg>
<status status="PASS" starttime="20201213 15:44:03.060" endtime="20201213 15:44:03.097"></status>
</kw>
<status status="PASS" starttime="20201213 15:44:02.803" endtime="20201213 15:44:03.097"></status>
</kw>
<kw name="Close All Browsers" library="SeleniumLibrary" type="teardown">
<doc>Closes all open browsers and resets the browser cache.</doc>
<status status="PASS" starttime="20201213 15:44:03.098" endtime="20201213 15:44:03.976"></status>
</kw>
<status status="PASS" starttime="20201213 15:43:53.295" endtime="20201213 15:44:03.976" critical="yes"></status>
</test>
<test id="s1-t12" name="Test Case 12 - Move items from Completed to Active with arrow button">
<kw name="Open TODOS App" library="keywords">
<kw name="Open Browser" library="SeleniumLibrary">
<doc>Opens a new browser instance to the optional ``url``.</doc>
<arguments>
<arg>${TODOLIST_URL}</arg>
<arg>${BROWSER}</arg>
</arguments>
<msg timestamp="20201213 15:44:03.979" level="INFO">Opening browser 'headlessfirefox' to base url 'http://todomvc.com/examples/react/#/'.</msg>
<msg timestamp="20201213 15:44:03.985" level="INFO">Firefox driver log is always forced to to: C:\Users\op671200\Documents\GitHub\TestingToDoList\Results\geckodriver-12.log</msg>
<status status="PASS" starttime="20201213 15:44:03.979" endtime="20201213 15:44:13.590"></status>
</kw>
<kw name="Wait Until Page Contains Element" library="SeleniumLibrary">
<doc>Waits until the element ``locator`` appears on the current page.</doc>
<arguments>
<arg>${PLACEHOLDER}</arg>
</arguments>
<status status="PASS" starttime="20201213 15:44:13.590" endtime="20201213 15:44:14.026"></status>
</kw>
<status status="PASS" starttime="20201213 15:44:03.979" endtime="20201213 15:44:14.027"></status>
</kw>
<kw name="Add item to TODOS App" library="keywords">
<kw name="Generate Random String" library="String">
<doc>Generates a string with a desired ``length`` from the given ``chars``.</doc>
<arguments>
<arg>12</arg>
</arguments>
<assign>
<var>${TASK}</var>
</assign>
<msg timestamp="20201213 15:44:14.030" level="INFO">${TASK} = PhIqWngwkqnN</msg>
<status status="PASS" starttime="20201213 15:44:14.028" endtime="20201213 15:44:14.030"></status>
</kw>
<kw name="Input Text" library="SeleniumLibrary">
<doc>Types the given ``text`` into the text field identified by ``locator``.</doc>
<arguments>
<arg>${TEXT_FIELDS}</arg>
<arg>${TASK}</arg>
</arguments>
<msg timestamp="20201213 15:44:14.031" level="INFO">Typing text 'PhIqWngwkqnN' into text field 'xpath://*[@class="new-todo"]'.</msg>
<status status="PASS" starttime="20201213 15:44:14.031" endtime="20201213 15:44:14.213"></status>
</kw>
<kw name="Press Keys" library="SeleniumLibrary">
<doc>Simulates the user pressing key(s) to an element or on the active browser.</doc>
<arguments>
<arg>${TEXT_FIELDS}</arg>
<arg>ENTER</arg>
</arguments>
<msg timestamp="20201213 15:44:14.215" level="INFO">Sending key(s) ('ENTER',) to xpath://*[@class="new-todo"] element.</msg>
<msg timestamp="20201213 15:44:14.505" level="INFO">Pressing special key ENTER to element.</msg>
<msg timestamp="20201213 15:44:14.505" level="INFO">Releasing special key ENTER.</msg>
<status status="PASS" starttime="20201213 15:44:14.214" endtime="20201213 15:44:14.556"></status>
</kw>
<kw name="Element Attribute Value Should Be" library="SeleniumLibrary">
<doc>Verifies element identified by ``locator`` contains expected attribute value.</doc>
<arguments>
<arg>${ACTUAL_TEXT}</arg>
<arg>value</arg>
<arg>${TASK}</arg>
</arguments>
<msg timestamp="20201213 15:44:14.607" level="INFO">Element 'xpath://*[@class="edit"]' attribute 'value' contains value 'PhIqWngwkqnN'.</msg>
<status status="PASS" starttime="20201213 15:44:14.557" endtime="20201213 15:44:14.607"></status>
</kw>
<status status="PASS" starttime="20201213 15:44:14.028" endtime="20201213 15:44:14.607"></status>
</kw>
<kw name="Move item to Completed with Arrow button" library="keywords">
<kw name="Click Element" library="SeleniumLibrary">
<doc>Click the element identified by ``locator``.</doc>
<arguments>
<arg>${ARROW_BUTTON}</arg>
</arguments>
<msg timestamp="20201213 15:44:14.610" level="INFO">Clicking element 'xpath://label[@for="toggle-all"]'.</msg>
<status status="PASS" starttime="20201213 15:44:14.610" endtime="20201213 15:44:14.890"></status>
</kw>
<kw name="Page Should Contain Element" library="SeleniumLibrary">
<doc>Verifies that element ``locator`` is found on the current page.</doc>
<arguments>
<arg>${CLEAR_COMPLETED_LINK}</arg>
</arguments>
<msg timestamp="20201213 15:44:14.904" level="INFO">Current page contains element 'xpath://*[@class="clear-completed"]'.</msg>
<status status="PASS" starttime="20201213 15:44:14.890" endtime="20201213 15:44:14.904"></status>
</kw>
<kw name="Element Text Should Be" library="SeleniumLibrary">
<doc>Verifies that element ``locator`` contains exact the text ``expected``.</doc>
<arguments>
<arg>${CLEAR_COMPLETED_LINK}</arg>
<arg>Clear completed</arg>
</arguments>
<msg timestamp="20201213 15:44:14.905" level="INFO">Verifying element 'xpath://*[@class="clear-completed"]' contains exact text 'Clear completed'.</msg>
<status status="PASS" starttime="20201213 15:44:14.904" endtime="20201213 15:44:14.959"></status>
</kw>
<status status="PASS" starttime="20201213 15:44:14.609" endtime="20201213 15:44:14.960"></status>
</kw>
<kw name="Click Element" library="SeleniumLibrary">
<doc>Click the element identified by ``locator``.</doc>
<arguments>
<arg>${ARROW_BUTTON}</arg>
</arguments>
<msg timestamp="20201213 15:44:14.962" level="INFO">Clicking element 'xpath://label[@for="toggle-all"]'.</msg>
<status status="PASS" starttime="20201213 15:44:14.961" endtime="20201213 15:44:15.218"></status>
</kw>
<kw name="Page Should Not Contain Element" library="SeleniumLibrary">
<doc>Verifies that element ``locator`` is found on the current page.</doc>
<arguments>
<arg>${CLEAR_COMPLETED_LINK}</arg>
</arguments>
<msg timestamp="20201213 15:44:15.233" level="INFO">Current page does not contain element 'xpath://*[@class="clear-completed"]'.</msg>
<status status="PASS" starttime="20201213 15:44:15.221" endtime="20201213 15:44:15.233"></status>
</kw>
<kw name="Check items amount" library="keywords">
<kw name="Get Text" library="SeleniumLibrary">
<doc>Returns the text value of the element identified by ``locator``.</doc>
<arguments>
<arg>${TODO_COUNT}</arg>
</arguments>
<assign>
<var>${ITEMS_AMOUNT}</var>
</assign>
<msg timestamp="20201213 15:44:15.277" level="INFO">${ITEMS_AMOUNT} = 1 item left</msg>
<status status="PASS" starttime="20201213 15:44:15.234" endtime="20201213 15:44:15.277"></status>
</kw>
<kw name="Should Be Equal" library="BuiltIn">
<doc>Fails if the given objects are unequal.</doc>
<arguments>
<arg>${ITEMS_AMOUNT}</arg>
<arg>1 item left</arg>
</arguments>
<status status="PASS" starttime="20201213 15:44:15.277" endtime="20201213 15:44:15.277"></status>
</kw>
<status status="PASS" starttime="20201213 15:44:15.234" endtime="20201213 15:44:15.277"></status>
</kw>
<kw name="Close All Browsers" library="SeleniumLibrary" type="teardown">
<doc>Closes all open browsers and resets the browser cache.</doc>
<status status="PASS" starttime="20201213 15:44:15.282" endtime="20201213 15:44:16.629"></status>
</kw>
<status status="PASS" starttime="20201213 15:44:03.977" endtime="20201213 15:44:16.631" critical="yes"></status>
</test>
<status status="PASS" starttime="20201213 15:42:08.635" endtime="20201213 15:44:16.636"></status>
</suite>
<statistics>
<total>
<stat pass="12" fail="0">Critical Tests</stat>
<stat pass="12" fail="0">All Tests</stat>
</total>
<tag>
</tag>
<suite>
<stat pass="12" fail="0" id="s1" name="Tests">Tests</stat>
</suite>
</statistics>
<errors>
</errors>
</robot>
